Time resolution is 1 ps
 --- Start --- 
MemWrite [0], Address [xxx] WriteData [xxxx]
MemRead  [0], Address [xxx] ReadData  [xxxx]
MemWrite [0], Address [xxx] WriteData [xxxx]
MemRead  [0], Address [xxx] ReadData  [xxxx]
MemWrite [1], Address [000] WriteData [e427]
MemRead  [0], Address [000] ReadData  [xxxx]
MemWrite [1], Address [000] WriteData [e427]
MemRead  [0], Address [000] ReadData  [xxxx]
1111110001000011001111
MemWrite [0], Address [000] WriteData [e427]
MemRead  [1], Address [000] ReadData  [e427]
MemWrite [1], Address [000] WriteData [e427]
MemRead  [0], Address [000] ReadData  [e427]
MemWrite [1], Address [000] WriteData [e427]
MemRead  [0], Address [000] ReadData  [e427]
1111110001000011001110
MemWrite [0], Address [000] WriteData [e427]
MemRead  [1], Address [000] ReadData  [e427]
MemWrite [1], Address [000] WriteData [e427]
MemRead  [0], Address [000] ReadData  [e427]
MemWrite [1], Address [000] WriteData [e427]
MemRead  [0], Address [000] ReadData  [e427]
1111110001000011001110
MemWrite [0], Address [000] WriteData [e427]
MemRead  [1], Address [000] ReadData  [e427]
MemWrite [1], Address [000] WriteData [e427]
MemRead  [0], Address [000] ReadData  [e427]
MemWrite [1], Address [000] WriteData [e427]
MemRead  [0], Address [000] ReadData  [e427]
1111110001000011001110
MemWrite [0], Address [000] WriteData [e427]
MemRead  [1], Address [000] ReadData  [e427]
MemWrite [1], Address [000] WriteData [e427]
MemRead  [0], Address [000] ReadData  [e427]
MemWrite [1], Address [000] WriteData [e427]
MemRead  [0], Address [000] ReadData  [e427]
1111110001000011001110
MemWrite [0], Address [000] WriteData [e427]
MemRead  [1], Address [000] ReadData  [e427]
MemWrite [1], Address [000] WriteData [e427]
MemRead  [0], Address [000] ReadData  [e427]
MemWrite [1], Address [000] WriteData [e427]
MemRead  [0], Address [000] ReadData  [e427]
1111110001000011001110
MemWrite [0], Address [000] WriteData [e427]
MemRead  [1], Address [000] ReadData  [e427]
MemWrite [1], Address [000] WriteData [e427]
MemRead  [0], Address [000] ReadData  [e427]
MemWrite [1], Address [000] WriteData [e427]
MemRead  [0], Address [000] ReadData  [e427]
1111110001000010001110
MemWrite [0], Address [000] WriteData [e427]
MemRead  [1], Address [000] ReadData  [e427]
MemWrite [1], Address [000] WriteData [e427]
MemRead  [0], Address [000] ReadData  [e427]
MemWrite [1], Address [000] WriteData [e427]
MemRead  [0], Address [000] ReadData  [e427]
1111110001000011001110
MemWrite [0], Address [000] WriteData [e427]
MemRead  [1], Address [000] ReadData  [e427]
MemWrite [1], Address [000] WriteData [e427]
MemRead  [0], Address [000] ReadData  [e427]
MemWrite [1], Address [000] WriteData [e427]
MemRead  [0], Address [000] ReadData  [e427]
1111110001000011001110
MemWrite [0], Address [000] WriteData [e427]
MemRead  [1], Address [000] ReadData  [e427]
MemWrite [1], Address [000] WriteData [e427]
MemRead  [0], Address [000] ReadData  [e427]
MemWrite [1], Address [000] WriteData [e427]
MemRead  [0], Address [000] ReadData  [e427]
1111110001000011001110
MemWrite [0], Address [000] WriteData [e427]
MemRead  [1], Address [000] ReadData  [e427]
MemWrite [1], Address [000] WriteData [e427]
MemRead  [0], Address [000] ReadData  [e427]
MemWrite [1], Address [000] WriteData [e427]
MemRead  [0], Address [000] ReadData  [e427]
1111110001000011001110
MemWrite [0], Address [000] WriteData [e427]
MemRead  [1], Address [000] ReadData  [e427]
MemWrite [1], Address [000] WriteData [e427]
MemRead  [0], Address [000] ReadData  [e427]
MemWrite [1], Address [000] WriteData [e427]
MemRead  [0], Address [000] ReadData  [e427]
1111110001000011001110
MemWrite [0], Address [000] WriteData [e427]
MemRead  [1], Address [000] ReadData  [e427]
MemWrite [1], Address [000] WriteData [e427]
MemRead  [0], Address [000] ReadData  [e427]
MemWrite [1], Address [000] WriteData [e427]
MemRead  [0], Address [000] ReadData  [e427]
1111110001000011001110
MemWrite [0], Address [000] WriteData [e427]
MemRead  [1], Address [000] ReadData  [e427]
MemWrite [1], Address [000] WriteData [e427]
MemRead  [0], Address [000] ReadData  [e427]
MemWrite [1], Address [000] WriteData [e427]
MemRead  [0], Address [000] ReadData  [e427]
1111110001000011001110
MemWrite [0], Address [000] WriteData [e427]
MemRead  [1], Address [000] ReadData  [e427]
MemWrite [1], Address [000] WriteData [e427]
MemRead  [0], Address [000] ReadData  [e427]
MemWrite [1], Address [000] WriteData [e427]
MemRead  [0], Address [000] ReadData  [e427]
1111110101000011001110
MemWrite [0], Address [000] WriteData [e427]
MemRead  [1], Address [000] ReadData  [e427]
MemWrite [1], Address [000] WriteData [e427]
MemRead  [0], Address [000] ReadData  [e427]
MemWrite [1], Address [000] WriteData [e427]
MemRead  [0], Address [000] ReadData  [e427]
1111110001000011001110
MemWrite [0], Address [000] WriteData [e427]
MemRead  [1], Address [000] ReadData  [e427]
MemWrite [1], Address [000] WriteData [e427]
MemRead  [0], Address [000] ReadData  [e427]
MemWrite [1], Address [000] WriteData [e427]
MemRead  [0], Address [000] ReadData  [e427]
1111110001000011001110
MemWrite [0], Address [000] WriteData [e427]
MemRead  [1], Address [000] ReadData  [e427]
MemWrite [1], Address [000] WriteData [e427]
MemRead  [0], Address [000] ReadData  [e427]
MemWrite [1], Address [000] WriteData [e427]
MemRead  [0], Address [000] ReadData  [e427]
1111110001000011001110
MemWrite [0], Address [000] WriteData [e427]
MemRead  [1], Address [000] ReadData  [e427]
MemWrite [1], Address [000] WriteData [e427]
MemRead  [0], Address [000] ReadData  [e427]
MemWrite [1], Address [000] WriteData [e427]
MemRead  [0], Address [000] ReadData  [e427]
1110110001000011001110
MemWrite [0], Address [000] WriteData [e427]
MemRead  [1], Address [000] ReadData  [e427]
MemWrite [1], Address [000] WriteData [e427]
MemRead  [0], Address [000] ReadData  [e427]
MemWrite [1], Address [000] WriteData [e427]
MemRead  [0], Address [000] ReadData  [e427]
1111110001000011001110
MemWrite [0], Address [000] WriteData [e427]
MemRead  [1], Address [000] ReadData  [e427]
MemWrite [1], Address [000] WriteData [e427]
MemRead  [0], Address [000] ReadData  [e427]
MemWrite [1], Address [000] WriteData [e427]
MemRead  [0], Address [000] ReadData  [e427]
1011110001000011001110
MemWrite [0], Address [000] WriteData [e427]
MemRead  [1], Address [000] ReadData  [e427]
MemWrite [1], Address [000] WriteData [e427]
MemRead  [0], Address [000] ReadData  [e427]
MemWrite [1], Address [000] WriteData [e427]
MemRead  [0], Address [000] ReadData  [e427]
0111110001000011001110
MemWrite [0], Address [000] WriteData [e427]
MemRead  [1], Address [000] ReadData  [e427]
MemWrite [1], Address [000] WriteData [e427]
MemRead  [0], Address [000] ReadData  [e427]
MemWrite [1], Address [000] WriteData [e427]
MemRead  [0], Address [000] ReadData  [e427]
1111110101000011011110
MemWrite [0], Address [000] WriteData [e427]
MemRead  [1], Address [000] ReadData  [e42f]
MemWrite [0], Address [000] WriteData [e427]
MemRead  [1], Address [000] ReadData  [e42f]
MemWrite [0], Address [000] WriteData [e427]
MemRead  [1], Address [000] ReadData  [e42f]
MemWrite [0], Address [000] WriteData [e427]
MemRead  [1], Address [000] ReadData  [e42f]
MemWrite [0], Address [000] WriteData [e427]
MemRead  [1], Address [000] ReadData  [e42f]
$finish called at time : 150 ns : File "C:/Users/derek/Documents/CSWork/ec311/lab_4/lab_4.srcs/sim_1/new/hamming_memory_test.v" Line 88
