Vivado Simulator 2019.1
Time resolution is 1 ps
 --- Start --- 
MemWrite [0], Address [xxx] WriteData [xxxx]
MemRead  [0], Address [xxx] ReadData  [xxxx]
MemWrite [0], Address [xxx] WriteData [xxxx]
MemRead  [0], Address [xxx] ReadData  [xxxx]
MemWrite [1], Address [000] WriteData [e427]
MemRead  [0], Address [000] ReadData  [xxxx]
MemWrite [1], Address [000] WriteData [e427]
MemRead  [0], Address [000] ReadData  [xxxx]
MemWrite [0], Address [000] WriteData [e427]
MemRead  [1], Address [000] ReadData  [e427]
MemWrite [1], Address [000] WriteData [e427]
MemRead  [0], Address [000] ReadData  [e427]
MemWrite [1], Address [000] WriteData [e427]
MemRead  [0], Address [000] ReadData  [e427]
MemWrite [0], Address [000] WriteData [e427]
MemRead  [1], Address [000] ReadData  [e427]
MemWrite [1], Address [000] WriteData [e427]
MemRead  [0], Address [000] ReadData  [e427]
MemWrite [1], Address [000] WriteData [e427]
MemRead  [0], Address [000] ReadData  [e427]
MemWrite [0], Address [000] WriteData [e427]
MemRead  [1], Address [000] ReadData  [e427]
MemWrite [1], Address [000] WriteData [e427]
MemRead  [0], Address [000] ReadData  [e427]
MemWrite [1], Address [000] WriteData [e427]
MemRead  [0], Address [000] ReadData  [e427]
MemWrite [0], Address [000] WriteData [e427]
MemRead  [1], Address [000] ReadData  [e427]
MemWrite [1], Address [000] WriteData [e427]
MemRead  [0], Address [000] ReadData  [e427]
MemWrite [1], Address [000] WriteData [e427]
MemRead  [0], Address [000] ReadData  [e427]
MemWrite [0], Address [000] WriteData [e427]
MemRead  [1], Address [000] ReadData  [e427]
MemWrite [1], Address [000] WriteData [e427]
MemRead  [0], Address [000] ReadData  [e427]
MemWrite [1], Address [000] WriteData [e427]
MemRead  [0], Address [000] ReadData  [e427]
MemWrite [0], Address [000] WriteData [e427]
MemRead  [1], Address [000] ReadData  [e427]
MemWrite [1], Address [000] WriteData [e427]
MemRead  [0], Address [000] ReadData  [e427]
MemWrite [1], Address [000] WriteData [e427]
MemRead  [0], Address [000] ReadData  [e427]
MemWrite [0], Address [000] WriteData [e427]
MemRead  [1], Address [000] ReadData  [e427]
MemWrite [1], Address [000] WriteData [e427]
MemRead  [0], Address [000] ReadData  [e427]
MemWrite [1], Address [000] WriteData [e427]
MemRead  [0], Address [000] ReadData  [e427]
MemWrite [0], Address [000] WriteData [e427]
MemRead  [1], Address [000] ReadData  [e427]
MemWrite [1], Address [000] WriteData [e427]
MemRead  [0], Address [000] ReadData  [e427]
MemWrite [1], Address [000] WriteData [e427]
MemRead  [0], Address [000] ReadData  [e427]
MemWrite [0], Address [000] WriteData [e427]
MemRead  [1], Address [000] ReadData  [e427]
MemWrite [1], Address [000] WriteData [e427]
MemRead  [0], Address [000] ReadData  [e427]
MemWrite [1], Address [000] WriteData [e427]
MemRead  [0], Address [000] ReadData  [e427]
MemWrite [0], Address [000] WriteData [e427]
MemRead  [1], Address [000] ReadData  [e427]
MemWrite [1], Address [000] WriteData [e427]
MemRead  [0], Address [000] ReadData  [e427]
MemWrite [1], Address [000] WriteData [e427]
MemRead  [0], Address [000] ReadData  [e427]
MemWrite [0], Address [000] WriteData [e427]
MemRead  [1], Address [000] ReadData  [e427]
MemWrite [1], Address [000] WriteData [e427]
MemRead  [0], Address [000] ReadData  [e427]
MemWrite [1], Address [000] WriteData [e427]
MemRead  [0], Address [000] ReadData  [e427]
MemWrite [0], Address [000] WriteData [e427]
MemRead  [1], Address [000] ReadData  [e427]
MemWrite [1], Address [000] WriteData [e427]
MemRead  [0], Address [000] ReadData  [e427]
MemWrite [1], Address [000] WriteData [e427]
MemRead  [0], Address [000] ReadData  [e427]
MemWrite [0], Address [000] WriteData [e427]
MemRead  [1], Address [000] ReadData  [e427]
MemWrite [1], Address [000] WriteData [e427]
MemRead  [0], Address [000] ReadData  [e427]
MemWrite [1], Address [000] WriteData [e427]
MemRead  [0], Address [000] ReadData  [e427]
MemWrite [0], Address [000] WriteData [e427]
MemRead  [1], Address [000] ReadData  [e427]
MemWrite [1], Address [000] WriteData [e427]
MemRead  [0], Address [000] ReadData  [e427]
MemWrite [1], Address [000] WriteData [e427]
MemRead  [0], Address [000] ReadData  [e427]
MemWrite [0], Address [000] WriteData [e427]
MemRead  [1], Address [000] ReadData  [e427]
MemWrite [1], Address [000] WriteData [e427]
MemRead  [0], Address [000] ReadData  [e427]
MemWrite [1], Address [000] WriteData [e427]
MemRead  [0], Address [000] ReadData  [e427]
MemWrite [0], Address [000] WriteData [e427]
MemRead  [1], Address [000] ReadData  [e427]
MemWrite [1], Address [000] WriteData [e427]
MemRead  [0], Address [000] ReadData  [e427]
MemWrite [1], Address [000] WriteData [e427]
MemRead  [0], Address [000] ReadData  [e427]
MemWrite [0], Address [000] WriteData [e427]
MemRead  [1], Address [000] ReadData  [e427]
MemWrite [1], Address [000] WriteData [e427]
MemRead  [0], Address [000] ReadData  [e427]
MemWrite [1], Address [000] WriteData [e427]
MemRead  [0], Address [000] ReadData  [e427]
MemWrite [0], Address [000] WriteData [e427]
MemRead  [1], Address [000] ReadData  [e427]
MemWrite [1], Address [000] WriteData [e427]
MemRead  [0], Address [000] ReadData  [e427]
MemWrite [1], Address [000] WriteData [e427]
MemRead  [0], Address [000] ReadData  [e427]
MemWrite [0], Address [000] WriteData [e427]
MemRead  [1], Address [000] ReadData  [e427]
MemWrite [1], Address [000] WriteData [e427]
MemRead  [0], Address [000] ReadData  [e427]
MemWrite [1], Address [000] WriteData [e427]
MemRead  [0], Address [000] ReadData  [e427]
MemWrite [0], Address [000] WriteData [e427]
MemRead  [1], Address [000] ReadData  [e427]
MemWrite [1], Address [000] WriteData [e427]
MemRead  [0], Address [000] ReadData  [e427]
MemWrite [1], Address [000] WriteData [e427]
MemRead  [0], Address [000] ReadData  [e427]
MemWrite [0], Address [000] WriteData [e427]
MemRead  [1], Address [000] ReadData  [6c27]
MemWrite [1], Address [000] WriteData [e427]
MemRead  [0], Address [000] ReadData  [6c27]
MemWrite [1], Address [000] WriteData [e427]
MemRead  [0], Address [000] ReadData  [6c27]
MemWrite [0], Address [000] WriteData [e427]
MemRead  [1], Address [000] ReadData  [e427]
MemWrite [1], Address [000] WriteData [e427]
MemRead  [0], Address [000] ReadData  [e427]
MemWrite [1], Address [000] WriteData [e427]
MemRead  [0], Address [000] ReadData  [e427]
MemWrite [0], Address [000] WriteData [e427]
MemRead  [1], Address [000] ReadData  [e025]
MemWrite [0], Address [000] WriteData [e427]
MemRead  [1], Address [000] ReadData  [e025]
MemWrite [0], Address [000] WriteData [e427]
MemRead  [1], Address [000] ReadData  [e025]
MemWrite [0], Address [000] WriteData [e427]
MemRead  [1], Address [000] ReadData  [e025]
MemWrite [0], Address [000] WriteData [e427]
MemRead  [1], Address [000] ReadData  [e025]
$finish called at time : 150 ns : File "X:/Documents/ec311/lab4/lab4.srcs/sim_1/new/hamming_memory_test.v" Line 88
