#
# A fatal error has been detected by the Java Runtime Environment:
#
#  EXCEPTION_ACCESS_VIOLATION (0xc0000005) at pc=0x00007ff9d5239b56, pid=9584, tid=13052
#
# JRE version: Java(TM) SE Runtime Environment (9.0+11) (build 9.0.4+11)
# Java VM: Java HotSpot(TM) 64-Bit Server VM (9.0.4+11, mixed mode, tiered, compressed oops, g1 gc, windows-amd64)
# Problematic frame:
# C  [librdi_filemgmt.dll+0x249b56]
#
# No core dump will be written. Minidumps are not enabled by default on client versions of Windows
#
# If you would like to submit a bug report, please visit:
#   http://bugreport.java.com/bugreport/crash.jsp
# The crash happened outside the Java Virtual Machine in native code.
# See problematic frame for where to report the bug.
#

---------------  S U M M A R Y ------------

Command Line: -Dsun.java2d.pmoffscreen=false -Dsun.java2d.xrender=false -Dsun.java2d.d3d=false -Dsun.awt.nopixfmt=true -Dsun.java2d.dpiaware=true -Dsun.java2d.uiScale.enabled=false -Xverify:none -Dswing.aatext=true -XX:-UsePerfData -Djdk.map.althashing.threshold=512 -XX:StringTableSize=4072 --add-opens=java.base/java.nio=ALL-UNNAMED --add-opens=java.desktop/sun.swing=ALL-UNNAMED --add-opens=java.desktop/javax.swing=ALL-UNNAMED --add-opens=java.desktop/javax.swing.tree=ALL-UNNAMED --add-opens=java.desktop/javax.swing.plaf.basic=ALL-UNNAMED --add-opens=java.desktop/javax.swing.plaf.synth=ALL-UNNAMED --add-opens=java.desktop/com.sun.awt=ALL-UNNAMED -XX:NewSize=60m -XX:MaxNewSize=60m -Xms128m -Xmx3072m -Xss5m 

Host: 12th Gen Intel(R) Core(TM) i7-12700K, 20 cores, 15G,  Windows 10 , 64 bit Build 19041 (10.0.19041.3570)
Time: Wed Oct 11 16:25:31 2023 Eastern Daylight Time elapsed time: 6457 seconds (0d 1h 47m 37s)

---------------  T H R E A D  ---------------

Current thread (0x0000017e8e1c6000):  JavaThread "AWT-EventQueue-1" [_thread_in_native, id=13052, stack(0x00000061a4a00000,0x00000061a4f00000)]

Stack: [0x00000061a4a00000,0x00000061a4f00000],  sp=0x00000061a4efd4b0,  free space=5109k
Native frames: (J=compiled Java code, j=interpreted, Vv=VM code, C=native code)
C  [librdi_filemgmt.dll+0x249b56]
C  [librdi_filemgmt.dll+0x248751]
C  [librdi_filemgmt.dll+0x25da48]
C  0x0000017ea21e09d2

Java frames: (J=compiled Java code, j=interpreted, Vv=VM code)
J 21321  ui.data.srcscan.srcscani.EditorAssist_createParseInfoIter(JLjava/lang/String;)J (0 bytes) @ 0x0000017ea21e0935 [0x0000017ea21e08e0+0x0000000000000055]
J 22026 c1 ui.data.l.a.a.bQc()V (229 bytes) @ 0x0000017e9c986454 [0x0000017e9c985d40+0x0000000000000714]
J 22339 c1 ui.views.V.a.ab.gIU()V (52 bytes) @ 0x0000017e9a17fc6c [0x0000017e9a17ed80+0x0000000000000eec]
J 22338 c1 ui.views.V.a.as.finished()V (81 bytes) @ 0x0000017e99e8c0dc [0x0000017e99e8bf00+0x00000000000001dc]
J 29117 c2 ui.frmwork.x.run()V (15 bytes) @ 0x0000017ea2555708 [0x0000017ea2555480+0x0000000000000288]
J 14355 c2 java.awt.EventQueue$3.run()Ljava/lang/Object; java.desktop@9.0.4 (5 bytes) @ 0x0000017ea19a64cc [0x0000017ea19a5f80+0x000000000000054c]
v  ~StubRoutines::call_stub
J 4825  java.security.AccessController.doPrivileged(Ljava/security/PrivilegedAction;Ljava/security/AccessControlContext;)Ljava/lang/Object; java.base@9.0.4 (0 bytes) @ 0x0000017ea10be1c6 [0x0000017ea10be160+0x0000000000000066]
J 14353 c2 ui.frmwork.b.d.dispatchEvent(Ljava/awt/AWTEvent;)V (34 bytes) @ 0x0000017ea1994190 [0x0000017ea1993ba0+0x00000000000005f0]
J 29381 c2 java.awt.EventDispatchThread.pumpOneEventForFilters(I)V java.desktop@9.0.4 (218 bytes) @ 0x0000017ea27cbc5c [0x0000017ea27cb900+0x000000000000035c]
J 21384% c2 java.awt.EventDispatchThread.pumpEventsForFilter(ILjava/awt/Conditional;Ljava/awt/EventFilter;)V java.desktop@9.0.4 (47 bytes) @ 0x0000017ea21ed840 [0x0000017ea21ed740+0x0000000000000100]
j  java.awt.EventDispatchThread.pumpEventsForHierarchy(ILjava/awt/Conditional;Ljava/awt/Component;)V+11 java.desktop@9.0.4
j  java.awt.EventDispatchThread.pumpEvents(ILjava/awt/Conditional;)V+4 java.desktop@9.0.4
j  java.awt.EventDispatchThread.pumpEvents(Ljava/awt/Conditional;)V+3 java.desktop@9.0.4
j  java.awt.EventDispatchThread.run()V+9 java.desktop@9.0.4
v  ~StubRoutines::call_stub

siginfo: EXCEPTION_ACCESS_VIOLATION (0xc0000005), reading address 0x0000002700000043


Register to memory mapping:

RIP=0x00007ff9d5239b56 librdi_filemgmt.dll
RAX=0x0000000000000001 is an unknown value
RBX=0x0000017ec3ce8268 is an unknown value
RCX=0x0000017e84a00000 is an unknown value
RDX=0x0000002700000043 is an unknown value
RSP=0x00000061a4efd4b0 is pointing into the stack for thread: 0x0000017e8e1c6000
RBP=0x00000061a4efd750 is pointing into the stack for thread: 0x0000017e8e1c6000
RSI=0x0000000000000000 is an unknown value
RDI=0x0000017ec46b0030 is an unknown value
R8 =0x0000017e84bd12c0 is an unknown value
R9 =0x0000000000000001 is an unknown value
R10=0x0000000000008000 is an unknown value
R11=0x00000061a4efd410 is pointing into the stack for thread: 0x0000017e8e1c6000
R12=0x0000017ec0a78c50 is an unknown value
R13=0x0000000000000000 is an unknown value
R14=0x0000000000000000 is an unknown value
R15=0x00000061a4efd828 is pointing into the stack for thread: 0x0000017e8e1c6000


Registers:
RAX=0x0000000000000001, RBX=0x0000017ec3ce8268, RCX=0x0000017e84a00000, RDX=0x0000002700000043
RSP=0x00000061a4efd4b0, RBP=0x00000061a4efd750, RSI=0x0000000000000000, RDI=0x0000017ec46b0030
R8 =0x0000017e84bd12c0, R9 =0x0000000000000001, R10=0x0000000000008000, R11=0x00000061a4efd410
R12=0x0000017ec0a78c50, R13=0x0000000000000000, R14=0x0000000000000000, R15=0x00000061a4efd828
RIP=0x00007ff9d5239b56, EFLAGS=0x0000000000010202

Top of Stack: (sp=0x00000061a4efd4b0)
0x00000061a4efd4b0:   0000017ec3ce8260 0000000000000000
0x00000061a4efd4c0:   0000017ec3ce8260 00007ff9f5db9f64
0x00000061a4efd4d0:   fffffffffffffffe 0000017e8c5c0600
0x00000061a4efd4e0:   0000000200000028 0000000000000000
0x00000061a4efd4f0:   000000000000000f 0000017e8c5c0700
0x00000061a4efd500:   00000061a4efd680 0000000000000000
0x00000061a4efd510:   000000000000000f 0000512c3faf18b2
0x00000061a4efd520:   000000000000003c 0000017ec0a78c50
0x00000061a4efd530:   00000061a4efd750 00007ff9d5238751
0x00000061a4efd540:   0000017ec41d64a0 00007ff9d53c0340
0x00000061a4efd550:   0000017ec46b0030 00000061a4efd640
0x00000061a4efd560:   00000061a4efd750 0000017e8f35f730
0x00000061a4efd570:   fffffffffffffffe 000000000000003c
0x00000061a4efd580:   6d75636f442f3a58 3363652f73746e65
0x00000061a4efd590:   0000017ec0a78c50 616c2f315f62616c
0x00000061a4efd5a0:   736372732e315f62 73656372756f732f 

Instructions: (pc=0x00007ff9d5239b56)
0x00007ff9d5239b36:   66 66 0f 1f 84 00 00 00 00 00 48 8b 13 48 c7 44
0x00007ff9d5239b46:   24 40 0f 00 00 00 4c 89 74 24 38 c6 44 24 28 00
0x00007ff9d5239b56:   80 3a 00 75 05 4d 8b c6 eb 0e 49 83 c8 ff 49 ff
0x00007ff9d5239b66:   c0 42 80 3c 02 00 75 f6 48 8d 4c 24 28 e8 e8 bf 



---------------  P R O C E S S  ---------------

Java Threads: ( => current thread )
  0x0000017eb52c9800 JavaThread "Code Inspector" [_thread_in_native, id=10792, stack(0x00000061a9f00000,0x00000061aa400000)]
  0x0000017eb52c8800 JavaThread "Monitor File Timestamp Swing Worker" [_thread_blocked, id=9504, stack(0x00000061ad100000,0x00000061ad600000)]
  0x0000017ebb380000 JavaThread "Timer-12" [_thread_blocked, id=10572, stack(0x00000061acc00000,0x00000061ad100000)]
  0x0000017ebb37d000 JavaThread "Monitor File Timestamp Swing Worker" [_thread_blocked, id=16916, stack(0x00000061ab300000,0x00000061ab800000)]
  0x0000017ebb374800 JavaThread "Timer-7" [_thread_blocked, id=12292, stack(0x00000061aae00000,0x00000061ab300000)]
  0x0000017ebb374000 JavaThread "Monitor File Timestamp Swing Worker" [_thread_blocked, id=15780, stack(0x00000061ab800000,0x00000061abd00000)]
  0x0000017ebb37a000 JavaThread "Timer-4" [_thread_blocked, id=10084, stack(0x00000061aa900000,0x00000061aae00000)]
  0x0000017ebb37b000 JavaThread "Monitor File Timestamp Swing Worker" [_thread_blocked, id=2872, stack(0x00000061aa400000,0x00000061aa900000)]
  0x0000017ebb373000 JavaThread "Timer-2" [_thread_blocked, id=2308, stack(0x00000061a9500000,0x00000061a9a00000)]
  0x0000017ebb372800 JavaThread "Monitor File Timestamp Swing Worker" [_thread_blocked, id=14232, stack(0x00000061a9000000,0x00000061a9500000)]
  0x0000017ebb379800 JavaThread "Timer-1" [_thread_blocked, id=13244, stack(0x00000061a6b00000,0x00000061a7000000)]
  0x0000017ebb371800 JavaThread "Image Animator 0" daemon [_thread_blocked, id=16024, stack(0x00000061a9a00000,0x00000061a9f00000)]
  0x0000017ebb375800 JavaThread "Monitor File Timestamp Swing Worker" [_thread_blocked, id=16084, stack(0x00000061a8b00000,0x00000061a9000000)]
  0x0000017eb9af6800 JavaThread "Timer-0" [_thread_blocked, id=16072, stack(0x00000061a4f00000,0x00000061a5400000)]
  0x0000017e8e1c6800 JavaThread "SyntheticaAnimation 50" daemon [_thread_blocked, id=5076, stack(0x00000061a7f00000,0x00000061a8400000)]
  0x0000017eb9af7800 JavaThread "Swing-Shell" daemon [_thread_blocked, id=11956, stack(0x00000061a3b00000,0x00000061a4000000)]
  0x0000017eb9afc800 JavaThread "Update Runs Swing Worker" [_thread_blocked, id=536, stack(0x00000061a8400000,0x00000061a8900000)]
  0x0000017eb9af9800 JavaThread "hw_ila_monitor" [_thread_blocked, id=4256, stack(0x00000061a7a00000,0x00000061a7f00000)]
  0x0000017eb9afb000 JavaThread "Refresh Filesets Swing Worker" [_thread_blocked, id=8464, stack(0x00000061a7500000,0x00000061a7a00000)]
  0x0000017e8e1cb800 JavaThread "SyntheticaAnimation 70" daemon [_thread_blocked, id=3744, stack(0x00000061a7000000,0x00000061a7500000)]
  0x0000017e8e1c5000 JavaThread "SyntheticaAnimation 25" daemon [_thread_blocked, id=10248, stack(0x00000061a6600000,0x00000061a6b00000)]
  0x0000017e8e1ca800 JavaThread "SyntheticaAnimation 50" daemon [_thread_blocked, id=13380, stack(0x00000061a6100000,0x00000061a6600000)]
  0x0000017e8e1c7800 JavaThread "Monitor HEventQueue" [_thread_blocked, id=13652, stack(0x00000061a5c00000,0x00000061a6100000)]
  0x0000017e8e1c8000 JavaThread "SyntheticaCleanerThread" daemon [_thread_blocked, id=3520, stack(0x00000061a5400000,0x00000061a5900000)]
  0x0000017e8e1ca000 JavaThread "Batik CleanerThread" daemon [_thread_blocked, id=9580, stack(0x00000061a4000000,0x00000061a4500000)]
=>0x0000017e8e1c6000 JavaThread "AWT-EventQueue-1" [_thread_in_native, id=13052, stack(0x00000061a4a00000,0x00000061a4f00000)]
  0x0000017eb2528000 JavaThread "Process Messages" [_thread_blocked, id=7732, stack(0x00000061a4500000,0x00000061a4a00000)]
  0x0000017eb47ea800 JavaThread "Thread-1" [_thread_in_native, id=11628, stack(0x000000619bb00000,0x000000619cf00000)]
  0x0000017eb2449000 JavaThread "TimerQueue" daemon [_thread_blocked, id=352, stack(0x00000061a3600000,0x00000061a3b00000)]
  0x0000017e8e02c000 JavaThread "AWT-Windows" daemon [_thread_in_native, id=6448, stack(0x00000061a3100000,0x00000061a3600000)]
  0x0000017eb210a800 JavaThread "AWT-Shutdown" [_thread_blocked, id=7368, stack(0x00000061a2c00000,0x00000061a3100000)]
  0x0000017eb2041000 JavaThread "Java2D Disposer" daemon [_thread_blocked, id=12852, stack(0x00000061a2700000,0x00000061a2c00000)]
  0x0000017e9245c000 JavaThread "Service Thread" daemon [_thread_blocked, id=15808, stack(0x00000061a2100000,0x00000061a2600000)]
  0x0000017e8e1d4800 JavaThread "Common-Cleaner" daemon [_thread_blocked, id=13060, stack(0x00000061a1c00000,0x00000061a2100000)]
  0x0000017e8e1c4800 JavaThread "Sweeper thread" daemon [_thread_blocked, id=15640, stack(0x00000061a1700000,0x00000061a1c00000)]
  0x0000017e8e1c3800 JavaThread "C1 CompilerThread11" daemon [_thread_blocked, id=3340, stack(0x00000061a1600000,0x00000061a1700000)]
  0x0000017e8e1c3000 JavaThread "C1 CompilerThread10" daemon [_thread_blocked, id=11408, stack(0x00000061a1500000,0x00000061a1600000)]
  0x0000017e8e1c2000 JavaThread "C1 CompilerThread9" daemon [_thread_blocked, id=3448, stack(0x00000061a1400000,0x00000061a1500000)]
  0x0000017e8e1c1000 JavaThread "C1 CompilerThread8" daemon [_thread_blocked, id=8480, stack(0x00000061a1300000,0x00000061a1400000)]
  0x0000017e8e1c0000 JavaThread "C2 CompilerThread7" daemon [_thread_blocked, id=6444, stack(0x00000061a1200000,0x00000061a1300000)]
  0x0000017e8e1bf800 JavaThread "C2 CompilerThread6" daemon [_thread_blocked, id=11764, stack(0x00000061a1100000,0x00000061a1200000)]
  0x0000017e8e1be800 JavaThread "C2 CompilerThread5" daemon [_thread_blocked, id=2432, stack(0x00000061a1000000,0x00000061a1100000)]
  0x0000017e8e1be000 JavaThread "C2 CompilerThread4" daemon [_thread_blocked, id=1216, stack(0x00000061a0f00000,0x00000061a1000000)]
  0x0000017e8e1bd000 JavaThread "C2 CompilerThread3" daemon [_thread_blocked, id=356, stack(0x00000061a0e00000,0x00000061a0f00000)]
  0x0000017e8e1b8800 JavaThread "C2 CompilerThread2" daemon [_thread_blocked, id=2332, stack(0x00000061a0d00000,0x00000061a0e00000)]
  0x0000017e9190a000 JavaThread "C2 CompilerThread1" daemon [_thread_blocked, id=6408, stack(0x00000061a0c00000,0x00000061a0d00000)]
  0x0000017e91909800 JavaThread "C2 CompilerThread0" daemon [_thread_blocked, id=7700, stack(0x00000061a0b00000,0x00000061a0c00000)]
  0x0000017e91908800 JavaThread "Attach Listener" daemon [_thread_blocked, id=1660, stack(0x00000061a0600000,0x00000061a0b00000)]
  0x0000017e9190c800 JavaThread "Signal Dispatcher" daemon [_thread_blocked, id=5420, stack(0x00000061a0100000,0x00000061a0600000)]
  0x0000017e91904000 JavaThread "Finalizer" daemon [_thread_blocked, id=1180, stack(0x000000619fc00000,0x00000061a0100000)]
  0x0000017e926ee000 JavaThread "Reference Handler" daemon [_thread_blocked, id=9052, stack(0x000000619f700000,0x000000619fc00000)]
  0x0000017e8fbe4000 JavaThread "main" [_thread_blocked, id=15828, stack(0x000000619ba00000,0x000000619bb00000)]

Other Threads:
  0x0000017e8f76a000 VMThread "VM Thread" [stack: 0x000000619f600000,0x000000619f700000] [id=15872]
  0x0000017e922af000 WatcherThread [stack: 0x00000061a2600000,0x00000061a2700000] [id=9156]
  0x0000017e8fbe4800 GCTaskThread "GC Thread#0" [stack: 0x000000619d200000,0x000000619d300000] [id=3824]
  0x0000017e8bf33800 GCTaskThread "GC Thread#1" [stack: 0x000000619d300000,0x000000619d400000] [id=8324]
  0x0000017e8bf33000 GCTaskThread "GC Thread#2" [stack: 0x000000619d400000,0x000000619d500000] [id=4280]
  0x0000017e8bf34000 GCTaskThread "GC Thread#3" [stack: 0x000000619d500000,0x000000619d600000] [id=3496]
  0x0000017e8bf31800 GCTaskThread "GC Thread#4" [stack: 0x000000619d600000,0x000000619d700000] [id=13980]
  0x0000017e8bf2f800 GCTaskThread "GC Thread#5" [stack: 0x000000619d700000,0x000000619d800000] [id=12952]
  0x0000017e8bf34800 GCTaskThread "GC Thread#6" [stack: 0x000000619d800000,0x000000619d900000] [id=11200]
  0x0000017e8bf30800 GCTaskThread "GC Thread#7" [stack: 0x000000619d900000,0x000000619da00000] [id=15636]
  0x0000017e8bf32000 GCTaskThread "GC Thread#8" [stack: 0x000000619da00000,0x000000619db00000] [id=7180]
  0x0000017e8bf35800 GCTaskThread "GC Thread#9" [stack: 0x000000619db00000,0x000000619dc00000] [id=13640]
  0x0000017e8bf36000 GCTaskThread "GC Thread#10" [stack: 0x000000619dc00000,0x000000619dd00000] [id=7540]
  0x0000017e8bf36800 GCTaskThread "GC Thread#11" [stack: 0x000000619dd00000,0x000000619de00000] [id=7228]
  0x0000017e8bf31000 GCTaskThread "GC Thread#12" [stack: 0x000000619de00000,0x000000619df00000] [id=12592]
  0x0000017e8e225800 GCTaskThread "GC Thread#13" [stack: 0x000000619df00000,0x000000619e000000] [id=4908]
  0x0000017e8e226800 GCTaskThread "GC Thread#14" [stack: 0x000000619e000000,0x000000619e100000] [id=12384]
  0x0000017e8e7dd800 ConcurrentGCThread "G1 Main Marker" [stack: 0x000000619f100000,0x000000619f200000] [id=15128]
  0x0000017e8e224000 ConcurrentGCThread "G1 Marker#0" [stack: 0x000000619f200000,0x000000619f300000] [id=15008]
  0x0000017e8e224800 ConcurrentGCThread "G1 Marker#1" [stack: 0x000000619f300000,0x000000619f400000] [id=1212]
  0x0000017e8e226000 ConcurrentGCThread "G1 Marker#2" [stack: 0x000000619f400000,0x000000619f500000] [id=9848]
  0x0000017e8e227000 ConcurrentGCThread "G1 Marker#3" [stack: 0x000000619f500000,0x000000619f600000] [id=12428]
  0x0000017e8762f000 ConcurrentGCThread "G1 Refine#0" [stack: 0x000000619ef00000,0x000000619f000000] [id=14916]
  0x0000017e8762e800 ConcurrentGCThread "G1 Refine#1" [stack: 0x000000619ee00000,0x000000619ef00000] [id=3452]
  0x0000017e8762e000 ConcurrentGCThread "G1 Refine#2" [stack: 0x000000619ed00000,0x000000619ee00000] [id=12704]
  0x0000017e8762b800 ConcurrentGCThread "G1 Refine#3" [stack: 0x000000619ec00000,0x000000619ed00000] [id=15416]
  0x0000017e91001800 ConcurrentGCThread "G1 Refine#4" [stack: 0x000000619eb00000,0x000000619ec00000] [id=13976]
  0x0000017e8bf3c800 ConcurrentGCThread "G1 Refine#5" [stack: 0x000000619ea00000,0x000000619eb00000] [id=6348]
  0x0000017e8bf3b800 ConcurrentGCThread "G1 Refine#6" [stack: 0x000000619e900000,0x000000619ea00000] [id=8312]
  0x0000017e91708800 ConcurrentGCThread "G1 Refine#7" [stack: 0x000000619e800000,0x000000619e900000] [id=11872]
  0x0000017e91708000 ConcurrentGCThread "G1 Refine#8" [stack: 0x000000619e700000,0x000000619e800000] [id=5196]
  0x0000017e91707800 ConcurrentGCThread "G1 Refine#9" [stack: 0x000000619e600000,0x000000619e700000] [id=11288]
  0x0000017e8e3c3800 ConcurrentGCThread "G1 Refine#10" [stack: 0x000000619e500000,0x000000619e600000] [id=10160]
  0x0000017e8ee19800 ConcurrentGCThread "G1 Refine#11" [stack: 0x000000619e400000,0x000000619e500000] [id=9384]
  0x0000017e8ee19000 ConcurrentGCThread "G1 Refine#12" [stack: 0x000000619e300000,0x000000619e400000] [id=5084]
  0x0000017e8e7dd000 ConcurrentGCThread "G1 Refine#13" [stack: 0x000000619e200000,0x000000619e300000] [id=10644]
  0x0000017e8ee18800 ConcurrentGCThread "G1 Refine#14" [stack: 0x000000619e100000,0x000000619e200000] [id=8388]
  0x0000017e87630000 ConcurrentGCThread "G1 Young RemSet Sampling" [stack: 0x000000619f000000,0x000000619f100000] [id=11844]

Threads with active compile tasks:

VM state:not at safepoint (normal execution)

VM Mutex/Monitor currently owned by a thread: None

Heap address: 0x0000000700000000, size: 3072 MB, Compressed Oops mode: Zero based, Oop shift amount: 3
Narrow klass base: 0x0000000000000000, Narrow klass shift: 3
Compressed class space size: 1073741824 Address: 0x00000007c0000000

Heap:
 garbage-first heap   total 272384K, used 156867K [0x0000000700000000, 0x0000000700100850, 0x00000007c0000000)
  region size 1024K, 47 young (48128K), 2 survivors (2048K)
 Metaspace       used 91106K, capacity 93179K, committed 101144K, reserved 1136640K
  class space    used 12478K, capacity 12948K, committed 14616K, reserved 1048576K
Heap Regions: E=young(eden), S=young(survivor), O=old, HS=humongous(starts), HC=humongous(continues), CS=collection set, F=free, A=archive, TS=gc time stamp, AC=allocation context, TAMS=top-at-mark-start (previous, next)
|   0|0x0000000700000000, 0x00000007000f8f08, 0x0000000700100000| 97%| O|  |TS  0|AC  0|TAMS 0x0000000700000000, 0x0000000700000000|
|   1|0x0000000700100000, 0x0000000700200000, 0x0000000700200000|100%|HS|  |TS  0|AC  0|TAMS 0x0000000700100000, 0x0000000700100000|
|   2|0x0000000700200000, 0x0000000700300000, 0x0000000700300000|100%|HC|  |TS  0|AC  0|TAMS 0x0000000700200000, 0x0000000700200000|
|   3|0x0000000700300000, 0x0000000700400000, 0x0000000700400000|100%|HS|  |TS  0|AC  0|TAMS 0x0000000700300000, 0x0000000700300000|
|   4|0x0000000700400000, 0x00000007004e2cd8, 0x0000000700500000| 88%| O|  |TS  0|AC  0|TAMS 0x0000000700400000, 0x0000000700400000|
|   5|0x0000000700500000, 0x00000007005ff348, 0x0000000700600000| 99%| O|  |TS  0|AC  0|TAMS 0x0000000700500000, 0x0000000700500000|
|   6|0x0000000700600000, 0x00000007006fffe0, 0x0000000700700000| 99%| O|  |TS  0|AC  0|TAMS 0x0000000700600000, 0x0000000700600000|
|   7|0x0000000700700000, 0x0000000700800000, 0x0000000700800000|100%| O|  |TS  0|AC  0|TAMS 0x0000000700700000, 0x0000000700700000|
|   8|0x0000000700800000, 0x00000007008fffc0, 0x0000000700900000| 99%| O|  |TS  0|AC  0|TAMS 0x0000000700800000, 0x0000000700800000|
|   9|0x0000000700900000, 0x0000000700a00000, 0x0000000700a00000|100%| O|  |TS  0|AC  0|TAMS 0x0000000700900000, 0x0000000700900000|
|  10|0x0000000700a00000, 0x0000000700affff0, 0x0000000700b00000| 99%| O|  |TS  0|AC  0|TAMS 0x0000000700a00000, 0x0000000700a00000|
|  11|0x0000000700b00000, 0x0000000700bfffd8, 0x0000000700c00000| 99%| O|  |TS  0|AC  0|TAMS 0x0000000700b00000, 0x0000000700b00000|
|  12|0x0000000700c00000, 0x0000000700cf9810, 0x0000000700d00000| 97%| O|  |TS  0|AC  0|TAMS 0x0000000700c00000, 0x0000000700c00000|
|  13|0x0000000700d00000, 0x0000000700dd4330, 0x0000000700e00000| 82%| O|  |TS  0|AC  0|TAMS 0x0000000700d00000, 0x0000000700d00000|
|  14|0x0000000700e00000, 0x0000000700eee698, 0x0000000700f00000| 93%| O|  |TS  0|AC  0|TAMS 0x0000000700e00000, 0x0000000700e00000|
|  15|0x0000000700f00000, 0x0000000700fec5f8, 0x0000000701000000| 92%| O|  |TS  0|AC  0|TAMS 0x0000000700f00000, 0x0000000700f00000|
|  16|0x0000000701000000, 0x00000007010f5c80, 0x0000000701100000| 96%| O|  |TS  0|AC  0|TAMS 0x0000000701000000, 0x0000000701000000|
|  17|0x0000000701100000, 0x00000007011ffff0, 0x0000000701200000| 99%| O|  |TS  0|AC  0|TAMS 0x0000000701100000, 0x0000000701100000|
|  18|0x0000000701200000, 0x00000007012ffec8, 0x0000000701300000| 99%| O|  |TS  0|AC  0|TAMS 0x0000000701200000, 0x0000000701200000|
|  19|0x0000000701300000, 0x0000000701400000, 0x0000000701400000|100%| O|  |TS  0|AC  0|TAMS 0x0000000701300000, 0x0000000701300000|
|  20|0x0000000701400000, 0x000000070149aff8, 0x0000000701500000| 60%| O|  |TS  0|AC  0|TAMS 0x0000000701400000, 0x0000000701400000|
|  21|0x0000000701500000, 0x00000007015fb248, 0x0000000701600000| 98%| O|  |TS  0|AC  0|TAMS 0x0000000701500000, 0x0000000701500000|
|  22|0x0000000701600000, 0x00000007016ffff0, 0x0000000701700000| 99%| O|  |TS  0|AC  0|TAMS 0x0000000701600000, 0x0000000701600000|
|  23|0x0000000701700000, 0x00000007017fed00, 0x0000000701800000| 99%| O|  |TS  0|AC  0|TAMS 0x0000000701700000, 0x0000000701700000|
|  24|0x0000000701800000, 0x00000007018fffd8, 0x0000000701900000| 99%| O|  |TS  0|AC  0|TAMS 0x0000000701800000, 0x0000000701800000|
|  25|0x0000000701900000, 0x00000007019ffff0, 0x0000000701a00000| 99%| O|  |TS  0|AC  0|TAMS 0x0000000701900000, 0x0000000701900000|
|  26|0x0000000701a00000, 0x0000000701afffe8, 0x0000000701b00000| 99%| O|  |TS  0|AC  0|TAMS 0x0000000701a00000, 0x0000000701a00000|
|  27|0x0000000701b00000, 0x0000000701bffd00, 0x0000000701c00000| 99%| O|  |TS  0|AC  0|TAMS 0x0000000701b00000, 0x0000000701b00000|
|  28|0x0000000701c00000, 0x0000000701cfffe8, 0x0000000701d00000| 99%| O|  |TS  0|AC  0|TAMS 0x0000000701c00000, 0x0000000701c00000|
|  29|0x0000000701d00000, 0x0000000701dffff8, 0x0000000701e00000| 99%| O|  |TS  0|AC  0|TAMS 0x0000000701d00000, 0x0000000701d00000|
|  30|0x0000000701e00000, 0x0000000701effff8, 0x0000000701f00000| 99%| O|  |TS  0|AC  0|TAMS 0x0000000701e00000, 0x0000000701e00000|
|  31|0x0000000701f00000, 0x0000000701fffea8, 0x0000000702000000| 99%| O|  |TS  0|AC  0|TAMS 0x0000000701f00000, 0x0000000701f00000|
|  32|0x0000000702000000, 0x00000007020fffd8, 0x0000000702100000| 99%| O|  |TS  0|AC  0|TAMS 0x0000000702000000, 0x0000000702000000|
|  33|0x0000000702100000, 0x00000007021ffee8, 0x0000000702200000| 99%| O|  |TS  0|AC  0|TAMS 0x0000000702100000, 0x0000000702100000|
|  34|0x0000000702200000, 0x00000007022fffb0, 0x0000000702300000| 99%| O|  |TS  0|AC  0|TAMS 0x0000000702200000, 0x0000000702200000|
|  35|0x0000000702300000, 0x00000007023fffe8, 0x0000000702400000| 99%| O|  |TS  0|AC  0|TAMS 0x0000000702300000, 0x0000000702300000|
|  36|0x0000000702400000, 0x00000007024fffd0, 0x0000000702500000| 99%| O|  |TS  0|AC  0|TAMS 0x0000000702400000, 0x0000000702400000|
|  37|0x0000000702500000, 0x00000007025c28e8, 0x0000000702600000| 75%| O|  |TS  0|AC  0|TAMS 0x0000000702500000, 0x0000000702500000|
|  38|0x0000000702600000, 0x00000007026ffe58, 0x0000000702700000| 99%| O|  |TS  0|AC  0|TAMS 0x0000000702600000, 0x0000000702600000|
|  39|0x0000000702700000, 0x0000000702800000, 0x0000000702800000|100%| O|  |TS  0|AC  0|TAMS 0x0000000702700000, 0x0000000702700000|
|  40|0x0000000702800000, 0x00000007028fe530, 0x0000000702900000| 99%| O|  |TS  0|AC  0|TAMS 0x0000000702800000, 0x0000000702800000|
|  41|0x0000000702900000, 0x00000007029fe960, 0x0000000702a00000| 99%| O|  |TS  0|AC  0|TAMS 0x0000000702900000, 0x0000000702900000|
|  42|0x0000000702a00000, 0x0000000702afff10, 0x0000000702b00000| 99%| O|  |TS  0|AC  0|TAMS 0x0000000702a00000, 0x0000000702a00000|
|  43|0x0000000702b00000, 0x0000000702bffff0, 0x0000000702c00000| 99%| O|  |TS  0|AC  0|TAMS 0x0000000702b00000, 0x0000000702b00000|
|  44|0x0000000702c00000, 0x0000000702cfff10, 0x0000000702d00000| 99%| O|  |TS  0|AC  0|TAMS 0x0000000702c00000, 0x0000000702c00000|
|  45|0x0000000702d00000, 0x0000000702dffff8, 0x0000000702e00000| 99%| O|  |TS  0|AC  0|TAMS 0x0000000702d00000, 0x0000000702d00000|
|  46|0x0000000702e00000, 0x0000000702efff00, 0x0000000702f00000| 99%| O|  |TS  0|AC  0|TAMS 0x0000000702e00000, 0x0000000702e00000|
|  47|0x0000000702f00000, 0x0000000702fffee8, 0x0000000703000000| 99%| O|  |TS  0|AC  0|TAMS 0x0000000702f00000, 0x0000000702f00000|
|  48|0x0000000703000000, 0x00000007030fffe8, 0x0000000703100000| 99%| O|  |TS  0|AC  0|TAMS 0x0000000703000000, 0x0000000703000000|
|  49|0x0000000703100000, 0x00000007031ffff0, 0x0000000703200000| 99%| O|  |TS  0|AC  0|TAMS 0x0000000703100000, 0x0000000703100000|
|  50|0x0000000703200000, 0x00000007032ffff8, 0x0000000703300000| 99%| O|  |TS  0|AC  0|TAMS 0x0000000703200000, 0x0000000703200000|
|  51|0x0000000703300000, 0x00000007033ffff0, 0x0000000703400000| 99%| O|  |TS  0|AC  0|TAMS 0x0000000703300000, 0x0000000703300000|
|  52|0x0000000703400000, 0x00000007034ffff8, 0x0000000703500000| 99%| O|  |TS  0|AC  0|TAMS 0x0000000703400000, 0x0000000703400000|
|  53|0x0000000703500000, 0x00000007035fe4f0, 0x0000000703600000| 99%| O|  |TS  0|AC  0|TAMS 0x0000000703500000, 0x0000000703500000|
|  54|0x0000000703600000, 0x00000007036ffe38, 0x0000000703700000| 99%| O|  |TS  0|AC  0|TAMS 0x0000000703600000, 0x0000000703600000|
|  55|0x0000000703700000, 0x00000007037fffd8, 0x0000000703800000| 99%| O|  |TS  0|AC  0|TAMS 0x0000000703700000, 0x0000000703700000|
|  56|0x0000000703800000, 0x00000007038ffef8, 0x0000000703900000| 99%| O|  |TS  0|AC  0|TAMS 0x0000000703800000, 0x0000000703800000|
|  57|0x0000000703900000, 0x00000007039fffe0, 0x0000000703a00000| 99%| O|  |TS  0|AC  0|TAMS 0x0000000703900000, 0x0000000703900000|
|  58|0x0000000703a00000, 0x0000000703b00000, 0x0000000703b00000|100%| O|  |TS  0|AC  0|TAMS 0x0000000703a00000, 0x0000000703a00000|
|  59|0x0000000703b00000, 0x0000000703bffff0, 0x0000000703c00000| 99%| O|  |TS  0|AC  0|TAMS 0x0000000703b00000, 0x0000000703b00000|
|  60|0x0000000703c00000, 0x0000000703cffff8, 0x0000000703d00000| 99%| O|  |TS  0|AC  0|TAMS 0x0000000703c00000, 0x0000000703c00000|
|  61|0x0000000703d00000, 0x0000000703dfffe8, 0x0000000703e00000| 99%| O|  |TS  0|AC  0|TAMS 0x0000000703d00000, 0x0000000703d00000|
|  62|0x0000000703e00000, 0x0000000703effef0, 0x0000000703f00000| 99%| O|  |TS  0|AC  0|TAMS 0x0000000703e00000, 0x0000000703e00000|
|  63|0x0000000703f00000, 0x0000000704000000, 0x0000000704000000|100%| O|  |TS  0|AC  0|TAMS 0x0000000703f00000, 0x0000000703f00000|
|  64|0x0000000704000000, 0x00000007040ff538, 0x0000000704100000| 99%| O|  |TS  0|AC  0|TAMS 0x0000000704000000, 0x0000000704000000|
|  65|0x0000000704100000, 0x00000007041fffe0, 0x0000000704200000| 99%| O|  |TS  0|AC  0|TAMS 0x0000000704100000, 0x0000000704100000|
|  66|0x0000000704200000, 0x00000007042fffe8, 0x0000000704300000| 99%| O|  |TS  0|AC  0|TAMS 0x0000000704200000, 0x0000000704200000|
|  67|0x0000000704300000, 0x00000007043ffff0, 0x0000000704400000| 99%| O|  |TS  0|AC  0|TAMS 0x0000000704300000, 0x0000000704300000|
|  68|0x0000000704400000, 0x00000007044ffff8, 0x0000000704500000| 99%| O|  |TS  0|AC  0|TAMS 0x0000000704400000, 0x0000000704400000|
|  69|0x0000000704500000, 0x00000007045ffd88, 0x0000000704600000| 99%| O|  |TS  0|AC  0|TAMS 0x0000000704500000, 0x0000000704500000|
|  70|0x0000000704600000, 0x00000007046ff098, 0x0000000704700000| 99%| O|  |TS  0|AC  0|TAMS 0x0000000704600000, 0x0000000704600000|
|  71|0x0000000704700000, 0x00000007047ffff0, 0x0000000704800000| 99%| O|  |TS  0|AC  0|TAMS 0x0000000704700000, 0x0000000704700000|
|  72|0x0000000704800000, 0x00000007048ffff8, 0x0000000704900000| 99%| O|  |TS  0|AC  0|TAMS 0x0000000704800000, 0x0000000704800000|
|  73|0x0000000704900000, 0x00000007049fffe0, 0x0000000704a00000| 99%| O|  |TS  0|AC  0|TAMS 0x0000000704900000, 0x0000000704900000|
|  74|0x0000000704a00000, 0x0000000704b00000, 0x0000000704b00000|100%| O|  |TS  0|AC  0|TAMS 0x0000000704a00000, 0x0000000704a00000|
|  75|0x0000000704b00000, 0x0000000704bfff10, 0x0000000704c00000| 99%| O|  |TS  0|AC  0|TAMS 0x0000000704b00000, 0x0000000704b00000|
|  76|0x0000000704c00000, 0x0000000704cfe518, 0x0000000704d00000| 99%| O|  |TS  0|AC  0|TAMS 0x0000000704c00000, 0x0000000704c00000|
|  77|0x0000000704d00000, 0x0000000704dfffc0, 0x0000000704e00000| 99%| O|  |TS  0|AC  0|TAMS 0x0000000704d00000, 0x0000000704d00000|
|  78|0x0000000704e00000, 0x0000000704effff0, 0x0000000704f00000| 99%| O|  |TS  0|AC  0|TAMS 0x0000000704e00000, 0x0000000704e00000|
|  79|0x0000000704f00000, 0x0000000704ffffe0, 0x0000000705000000| 99%| O|  |TS  0|AC  0|TAMS 0x0000000704f00000, 0x0000000704f00000|
|  80|0x0000000705000000, 0x00000007050fffe8, 0x0000000705100000| 99%| O|  |TS  0|AC  0|TAMS 0x0000000705000000, 0x0000000705000000|
|  81|0x0000000705100000, 0x00000007051fe9a8, 0x0000000705200000| 99%| O|  |TS  0|AC  0|TAMS 0x0000000705100000, 0x0000000705100000|
|  82|0x0000000705200000, 0x00000007052ffff8, 0x0000000705300000| 99%| O|  |TS  0|AC  0|TAMS 0x0000000705200000, 0x0000000705200000|
|  83|0x0000000705300000, 0x00000007053ffff8, 0x0000000705400000| 99%| O|  |TS  0|AC  0|TAMS 0x0000000705300000, 0x0000000705300000|
|  84|0x0000000705400000, 0x00000007054ff798, 0x0000000705500000| 99%| O|  |TS  0|AC  0|TAMS 0x0000000705400000, 0x0000000705400000|
|  85|0x0000000705500000, 0x0000000705600000, 0x0000000705600000|100%| O|  |TS  0|AC  0|TAMS 0x0000000705500000, 0x0000000705500000|
|  86|0x0000000705600000, 0x00000007056ffff0, 0x0000000705700000| 99%| O|  |TS  0|AC  0|TAMS 0x0000000705600000, 0x0000000705600000|
|  87|0x0000000705700000, 0x00000007057fffe8, 0x0000000705800000| 99%| O|  |TS  0|AC  0|TAMS 0x0000000705700000, 0x0000000705700000|
|  88|0x0000000705800000, 0x00000007058ffe98, 0x0000000705900000| 99%| O|  |TS  0|AC  0|TAMS 0x0000000705800000, 0x0000000705800000|
|  89|0x0000000705900000, 0x00000007059ffec0, 0x0000000705a00000| 99%| O|  |TS  0|AC  0|TAMS 0x0000000705900000, 0x0000000705900000|
|  90|0x0000000705a00000, 0x0000000705b00000, 0x0000000705b00000|100%| O|  |TS  0|AC  0|TAMS 0x0000000705a00000, 0x0000000705a00000|
|  91|0x0000000705b00000, 0x0000000705bffff8, 0x0000000705c00000| 99%| O|  |TS  0|AC  0|TAMS 0x0000000705b00000, 0x0000000705b00000|
|  92|0x0000000705c00000, 0x0000000705cffff8, 0x0000000705d00000| 99%| O|  |TS  0|AC  0|TAMS 0x0000000705c00000, 0x0000000705c00000|
|  93|0x0000000705d00000, 0x0000000705dffca8, 0x0000000705e00000| 99%| O|  |TS  0|AC  0|TAMS 0x0000000705d00000, 0x0000000705d00000|
|  94|0x0000000705e00000, 0x0000000705effe70, 0x0000000705f00000| 99%| O|  |TS  0|AC  0|TAMS 0x0000000705e00000, 0x0000000705e00000|
|  95|0x0000000705f00000, 0x0000000705fffff0, 0x0000000706000000| 99%| O|  |TS  0|AC  0|TAMS 0x0000000705f00000, 0x0000000705f00000|
|  96|0x0000000706000000, 0x00000007060ffff8, 0x0000000706100000| 99%| O|  |TS  0|AC  0|TAMS 0x0000000706000000, 0x0000000706000000|
|  97|0x0000000706100000, 0x00000007061ffff8, 0x0000000706200000| 99%| O|  |TS  0|AC  0|TAMS 0x0000000706100000, 0x0000000706100000|
|  98|0x0000000706200000, 0x00000007062ffc10, 0x0000000706300000| 99%| O|  |TS  0|AC  0|TAMS 0x0000000706200000, 0x0000000706200000|
|  99|0x0000000706300000, 0x000000070635de40, 0x0000000706400000| 36%| O|  |TS  0|AC  0|TAMS 0x0000000706300000, 0x0000000706300000|
| 100|0x0000000706400000, 0x0000000706400000, 0x0000000706500000|  0%| F|  |TS  0|AC  0|TAMS 0x0000000706400000, 0x0000000706400000|
| 101|0x0000000706500000, 0x0000000706500000, 0x0000000706600000|  0%| F|  |TS  0|AC  0|TAMS 0x0000000706500000, 0x0000000706500000|
| 102|0x0000000706600000, 0x0000000706600000, 0x0000000706700000|  0%| F|  |TS  0|AC  0|TAMS 0x0000000706600000, 0x0000000706600000|
| 103|0x0000000706700000, 0x0000000706700000, 0x0000000706800000|  0%| F|  |TS  0|AC  0|TAMS 0x0000000706700000, 0x0000000706700000|
| 104|0x0000000706800000, 0x0000000706800000, 0x0000000706900000|  0%| F|  |TS  0|AC  0|TAMS 0x0000000706800000, 0x0000000706800000|
| 105|0x0000000706900000, 0x0000000706a00000, 0x0000000706a00000|100%|HS|  |TS  0|AC  0|TAMS 0x0000000706900000, 0x0000000706900000|
| 106|0x0000000706a00000, 0x0000000706b00000, 0x0000000706b00000|100%|HC|  |TS  0|AC  0|TAMS 0x0000000706a00000, 0x0000000706a00000|
| 107|0x0000000706b00000, 0x0000000706c00000, 0x0000000706c00000|100%|HC|  |TS  0|AC  0|TAMS 0x0000000706b00000, 0x0000000706b00000|
| 108|0x0000000706c00000, 0x0000000706d00000, 0x0000000706d00000|100%|HC|  |TS  0|AC  0|TAMS 0x0000000706c00000, 0x0000000706c00000|
| 109|0x0000000706d00000, 0x0000000706e00000, 0x0000000706e00000|100%|HC|  |TS  0|AC  0|TAMS 0x0000000706d00000, 0x0000000706d00000|
| 110|0x0000000706e00000, 0x0000000706f00000, 0x0000000706f00000|100%|HC|  |TS  0|AC  0|TAMS 0x0000000706e00000, 0x0000000706e00000|
| 111|0x0000000706f00000, 0x0000000707000000, 0x0000000707000000|100%|HC|  |TS  0|AC  0|TAMS 0x0000000706f00000, 0x0000000706f00000|
| 112|0x0000000707000000, 0x0000000707100000, 0x0000000707100000|100%|HC|  |TS  0|AC  0|TAMS 0x0000000707000000, 0x0000000707000000|
| 113|0x0000000707100000, 0x0000000707100000, 0x0000000707200000|  0%| F|  |TS  0|AC  0|TAMS 0x0000000707100000, 0x0000000707100000|
| 114|0x0000000707200000, 0x0000000707200000, 0x0000000707300000|  0%| F|  |TS  0|AC  0|TAMS 0x0000000707200000, 0x0000000707200000|
| 115|0x0000000707300000, 0x0000000707400000, 0x0000000707400000|100%|HS|  |TS  0|AC  0|TAMS 0x0000000707300000, 0x0000000707300000|
| 116|0x0000000707400000, 0x0000000707400000, 0x0000000707500000|  0%| F|  |TS  0|AC  0|TAMS 0x0000000707400000, 0x0000000707400000|
| 117|0x0000000707500000, 0x0000000707600000, 0x0000000707600000|100%|HS|  |TS  0|AC  0|TAMS 0x0000000707500000, 0x0000000707500000|
| 118|0x0000000707600000, 0x0000000707600000, 0x0000000707700000|  0%| F|  |TS  0|AC  0|TAMS 0x0000000707600000, 0x0000000707600000|
| 119|0x0000000707700000, 0x0000000707700000, 0x0000000707800000|  0%| F|  |TS  0|AC  0|TAMS 0x0000000707700000, 0x0000000707700000|
| 120|0x0000000707800000, 0x0000000707800000, 0x0000000707900000|  0%| F|  |TS  0|AC  0|TAMS 0x0000000707800000, 0x0000000707800000|
| 121|0x0000000707900000, 0x0000000707900000, 0x0000000707a00000|  0%| F|  |TS  0|AC  0|TAMS 0x0000000707900000, 0x0000000707900000|
| 122|0x0000000707a00000, 0x0000000707a00000, 0x0000000707b00000|  0%| F|  |TS  0|AC  0|TAMS 0x0000000707a00000, 0x0000000707a00000|
| 123|0x0000000707b00000, 0x0000000707b00000, 0x0000000707c00000|  0%| F|  |TS  0|AC  0|TAMS 0x0000000707b00000, 0x0000000707b00000|
| 124|0x0000000707c00000, 0x0000000707c00000, 0x0000000707d00000|  0%| F|  |TS  0|AC  0|TAMS 0x0000000707c00000, 0x0000000707c00000|
| 125|0x0000000707d00000, 0x0000000707d00000, 0x0000000707e00000|  0%| F|  |TS  0|AC  0|TAMS 0x0000000707d00000, 0x0000000707d00000|
| 126|0x0000000707e00000, 0x0000000707e00000, 0x0000000707f00000|  0%| F|  |TS  0|AC  0|TAMS 0x0000000707e00000, 0x0000000707e00000|
| 127|0x0000000707f00000, 0x0000000707f00000, 0x0000000708000000|  0%| F|  |TS  0|AC  0|TAMS 0x0000000707f00000, 0x0000000707f00000|
| 128|0x0000000708000000, 0x0000000708000000, 0x0000000708100000|  0%| F|  |TS  0|AC  0|TAMS 0x0000000708000000, 0x0000000708000000|
| 129|0x0000000708100000, 0x0000000708100000, 0x0000000708200000|  0%| F|  |TS  0|AC  0|TAMS 0x0000000708100000, 0x0000000708100000|
| 130|0x0000000708200000, 0x0000000708200000, 0x0000000708300000|  0%| F|  |TS  0|AC  0|TAMS 0x0000000708200000, 0x0000000708200000|
| 131|0x0000000708300000, 0x0000000708300000, 0x0000000708400000|  0%| F|  |TS  0|AC  0|TAMS 0x0000000708300000, 0x0000000708300000|
| 132|0x0000000708400000, 0x0000000708400000, 0x0000000708500000|  0%| F|  |TS  0|AC  0|TAMS 0x0000000708400000, 0x0000000708400000|
| 133|0x0000000708500000, 0x0000000708500000, 0x0000000708600000|  0%| F|  |TS  0|AC  0|TAMS 0x0000000708500000, 0x0000000708500000|
| 134|0x0000000708600000, 0x0000000708600000, 0x0000000708700000|  0%| F|  |TS  0|AC  0|TAMS 0x0000000708600000, 0x0000000708600000|
| 135|0x0000000708700000, 0x0000000708700000, 0x0000000708800000|  0%| F|  |TS  0|AC  0|TAMS 0x0000000708700000, 0x0000000708700000|
| 136|0x0000000708800000, 0x0000000708800000, 0x0000000708900000|  0%| F|  |TS  0|AC  0|TAMS 0x0000000708800000, 0x0000000708800000|
| 137|0x0000000708900000, 0x0000000708900000, 0x0000000708a00000|  0%| F|  |TS  0|AC  0|TAMS 0x0000000708900000, 0x0000000708900000|
| 138|0x0000000708a00000, 0x0000000708a00000, 0x0000000708b00000|  0%| F|  |TS  0|AC  0|TAMS 0x0000000708a00000, 0x0000000708a00000|
| 139|0x0000000708b00000, 0x0000000708b00000, 0x0000000708c00000|  0%| F|  |TS  0|AC  0|TAMS 0x0000000708b00000, 0x0000000708b00000|
| 140|0x0000000708c00000, 0x0000000708c00000, 0x0000000708d00000|  0%| F|  |TS  0|AC  0|TAMS 0x0000000708c00000, 0x0000000708c00000|
| 141|0x0000000708d00000, 0x0000000708d00000, 0x0000000708e00000|  0%| F|  |TS  0|AC  0|TAMS 0x0000000708d00000, 0x0000000708d00000|
| 142|0x0000000708e00000, 0x0000000708e00000, 0x0000000708f00000|  0%| F|  |TS  0|AC  0|TAMS 0x0000000708e00000, 0x0000000708e00000|
| 143|0x0000000708f00000, 0x0000000708f00000, 0x0000000709000000|  0%| F|  |TS  0|AC  0|TAMS 0x0000000708f00000, 0x0000000708f00000|
| 144|0x0000000709000000, 0x0000000709000000, 0x0000000709100000|  0%| F|  |TS  0|AC  0|TAMS 0x0000000709000000, 0x0000000709000000|
| 145|0x0000000709100000, 0x0000000709100000, 0x0000000709200000|  0%| F|  |TS  0|AC  0|TAMS 0x0000000709100000, 0x0000000709100000|
| 146|0x0000000709200000, 0x0000000709200000, 0x0000000709300000|  0%| F|  |TS  0|AC  0|TAMS 0x0000000709200000, 0x0000000709200000|
| 147|0x0000000709300000, 0x0000000709300000, 0x0000000709400000|  0%| F|  |TS  0|AC  0|TAMS 0x0000000709300000, 0x0000000709300000|
| 148|0x0000000709400000, 0x0000000709400000, 0x0000000709500000|  0%| F|  |TS  0|AC  0|TAMS 0x0000000709400000, 0x0000000709400000|
| 149|0x0000000709500000, 0x0000000709500000, 0x0000000709600000|  0%| F|  |TS  0|AC  0|TAMS 0x0000000709500000, 0x0000000709500000|
| 150|0x0000000709600000, 0x0000000709600000, 0x0000000709700000|  0%| F|  |TS  0|AC  0|TAMS 0x0000000709600000, 0x0000000709600000|
| 151|0x0000000709700000, 0x0000000709700000, 0x0000000709800000|  0%| F|  |TS  0|AC  0|TAMS 0x0000000709700000, 0x0000000709700000|
| 152|0x0000000709800000, 0x0000000709800000, 0x0000000709900000|  0%| F|  |TS  0|AC  0|TAMS 0x0000000709800000, 0x0000000709800000|
| 153|0x0000000709900000, 0x0000000709900000, 0x0000000709a00000|  0%| F|  |TS  0|AC  0|TAMS 0x0000000709900000, 0x0000000709900000|
| 154|0x0000000709a00000, 0x0000000709a00000, 0x0000000709b00000|  0%| F|  |TS  0|AC  0|TAMS 0x0000000709a00000, 0x0000000709a00000|
| 155|0x0000000709b00000, 0x0000000709b00000, 0x0000000709c00000|  0%| F|  |TS  0|AC  0|TAMS 0x0000000709b00000, 0x0000000709b00000|
| 156|0x0000000709c00000, 0x0000000709c00000, 0x0000000709d00000|  0%| F|  |TS  0|AC  0|TAMS 0x0000000709c00000, 0x0000000709c00000|
| 157|0x0000000709d00000, 0x0000000709d00000, 0x0000000709e00000|  0%| F|  |TS  0|AC  0|TAMS 0x0000000709d00000, 0x0000000709d00000|
| 158|0x0000000709e00000, 0x0000000709e00000, 0x0000000709f00000|  0%| F|  |TS  0|AC  0|TAMS 0x0000000709e00000, 0x0000000709e00000|
| 159|0x0000000709f00000, 0x0000000709f00000, 0x000000070a000000|  0%| F|  |TS  0|AC  0|TAMS 0x0000000709f00000, 0x0000000709f00000|
| 160|0x000000070a000000, 0x000000070a000000, 0x000000070a100000|  0%| F|  |TS  0|AC  0|TAMS 0x000000070a000000, 0x000000070a000000|
| 161|0x000000070a100000, 0x000000070a100000, 0x000000070a200000|  0%| F|  |TS  0|AC  0|TAMS 0x000000070a100000, 0x000000070a100000|
| 162|0x000000070a200000, 0x000000070a200000, 0x000000070a300000|  0%| F|  |TS  0|AC  0|TAMS 0x000000070a200000, 0x000000070a200000|
| 163|0x000000070a300000, 0x000000070a300000, 0x000000070a400000|  0%| F|  |TS  0|AC  0|TAMS 0x000000070a300000, 0x000000070a300000|
| 164|0x000000070a400000, 0x000000070a400000, 0x000000070a500000|  0%| F|  |TS  0|AC  0|TAMS 0x000000070a400000, 0x000000070a400000|
| 165|0x000000070a500000, 0x000000070a500000, 0x000000070a600000|  0%| F|  |TS  0|AC  0|TAMS 0x000000070a500000, 0x000000070a500000|
| 166|0x000000070a600000, 0x000000070a600000, 0x000000070a700000|  0%| F|  |TS  0|AC  0|TAMS 0x000000070a600000, 0x000000070a600000|
| 167|0x000000070a700000, 0x000000070a700000, 0x000000070a800000|  0%| F|  |TS  0|AC  0|TAMS 0x000000070a700000, 0x000000070a700000|
| 168|0x000000070a800000, 0x000000070a800000, 0x000000070a900000|  0%| F|  |TS  0|AC  0|TAMS 0x000000070a800000, 0x000000070a800000|
| 169|0x000000070a900000, 0x000000070a900000, 0x000000070aa00000|  0%| F|  |TS  0|AC  0|TAMS 0x000000070a900000, 0x000000070a900000|
| 170|0x000000070aa00000, 0x000000070aa00000, 0x000000070ab00000|  0%| F|  |TS  0|AC  0|TAMS 0x000000070aa00000, 0x000000070aa00000|
| 171|0x000000070ab00000, 0x000000070ab00000, 0x000000070ac00000|  0%| F|  |TS  0|AC  0|TAMS 0x000000070ab00000, 0x000000070ab00000|
| 172|0x000000070ac00000, 0x000000070ac00000, 0x000000070ad00000|  0%| F|  |TS  0|AC  0|TAMS 0x000000070ac00000, 0x000000070ac00000|
| 173|0x000000070ad00000, 0x000000070ad00000, 0x000000070ae00000|  0%| F|  |TS  0|AC  0|TAMS 0x000000070ad00000, 0x000000070ad00000|
| 174|0x000000070ae00000, 0x000000070ae00000, 0x000000070af00000|  0%| F|  |TS  0|AC  0|TAMS 0x000000070ae00000, 0x000000070ae00000|
| 175|0x000000070af00000, 0x000000070af00000, 0x000000070b000000|  0%| F|  |TS  0|AC  0|TAMS 0x000000070af00000, 0x000000070af00000|
| 176|0x000000070b000000, 0x000000070b000000, 0x000000070b100000|  0%| F|  |TS  0|AC  0|TAMS 0x000000070b000000, 0x000000070b000000|
| 177|0x000000070b100000, 0x000000070b100000, 0x000000070b200000|  0%| F|  |TS  0|AC  0|TAMS 0x000000070b100000, 0x000000070b100000|
| 178|0x000000070b200000, 0x000000070b200000, 0x000000070b300000|  0%| F|  |TS  0|AC  0|TAMS 0x000000070b200000, 0x000000070b200000|
| 179|0x000000070b300000, 0x000000070b300000, 0x000000070b400000|  0%| F|  |TS  0|AC  0|TAMS 0x000000070b300000, 0x000000070b300000|
| 180|0x000000070b400000, 0x000000070b400000, 0x000000070b500000|  0%| F|  |TS  0|AC  0|TAMS 0x000000070b400000, 0x000000070b400000|
| 181|0x000000070b500000, 0x000000070b500000, 0x000000070b600000|  0%| F|  |TS  0|AC  0|TAMS 0x000000070b500000, 0x000000070b500000|
| 182|0x000000070b600000, 0x000000070b600000, 0x000000070b700000|  0%| F|  |TS  0|AC  0|TAMS 0x000000070b600000, 0x000000070b600000|
| 183|0x000000070b700000, 0x000000070b700000, 0x000000070b800000|  0%| F|  |TS  0|AC  0|TAMS 0x000000070b700000, 0x000000070b700000|
| 184|0x000000070b800000, 0x000000070b800000, 0x000000070b900000|  0%| F|  |TS  0|AC  0|TAMS 0x000000070b800000, 0x000000070b800000|
| 185|0x000000070b900000, 0x000000070b900000, 0x000000070ba00000|  0%| F|  |TS  0|AC  0|TAMS 0x000000070b900000, 0x000000070b900000|
| 186|0x000000070ba00000, 0x000000070ba00000, 0x000000070bb00000|  0%| F|  |TS  0|AC  0|TAMS 0x000000070ba00000, 0x000000070ba00000|
| 187|0x000000070bb00000, 0x000000070bb00000, 0x000000070bc00000|  0%| F|  |TS  0|AC  0|TAMS 0x000000070bb00000, 0x000000070bb00000|
| 188|0x000000070bc00000, 0x000000070bc00000, 0x000000070bd00000|  0%| F|  |TS  0|AC  0|TAMS 0x000000070bc00000, 0x000000070bc00000|
| 189|0x000000070bd00000, 0x000000070bd00000, 0x000000070be00000|  0%| F|  |TS  0|AC  0|TAMS 0x000000070bd00000, 0x000000070bd00000|
| 190|0x000000070be00000, 0x000000070be00000, 0x000000070bf00000|  0%| F|  |TS  0|AC  0|TAMS 0x000000070be00000, 0x000000070be00000|
| 191|0x000000070bf00000, 0x000000070bf00000, 0x000000070c000000|  0%| F|  |TS  0|AC  0|TAMS 0x000000070bf00000, 0x000000070bf00000|
| 192|0x000000070c000000, 0x000000070c000000, 0x000000070c100000|  0%| F|  |TS  0|AC  0|TAMS 0x000000070c000000, 0x000000070c000000|
| 193|0x000000070c100000, 0x000000070c100000, 0x000000070c200000|  0%| F|  |TS  0|AC  0|TAMS 0x000000070c100000, 0x000000070c100000|
| 194|0x000000070c200000, 0x000000070c200000, 0x000000070c300000|  0%| F|  |TS  0|AC  0|TAMS 0x000000070c200000, 0x000000070c200000|
| 195|0x000000070c300000, 0x000000070c300000, 0x000000070c400000|  0%| F|  |TS  0|AC  0|TAMS 0x000000070c300000, 0x000000070c300000|
| 196|0x000000070c400000, 0x000000070c400000, 0x000000070c500000|  0%| F|  |TS  0|AC  0|TAMS 0x000000070c400000, 0x000000070c400000|
| 197|0x000000070c500000, 0x000000070c500000, 0x000000070c600000|  0%| F|  |TS  0|AC  0|TAMS 0x000000070c500000, 0x000000070c500000|
| 198|0x000000070c600000, 0x000000070c600000, 0x000000070c700000|  0%| F|  |TS  0|AC  0|TAMS 0x000000070c600000, 0x000000070c600000|
| 199|0x000000070c700000, 0x000000070c700000, 0x000000070c800000|  0%| F|  |TS  0|AC  0|TAMS 0x000000070c700000, 0x000000070c700000|
| 200|0x000000070c800000, 0x000000070c800000, 0x000000070c900000|  0%| F|  |TS  0|AC  0|TAMS 0x000000070c800000, 0x000000070c800000|
| 201|0x000000070c900000, 0x000000070c900000, 0x000000070ca00000|  0%| F|  |TS  0|AC  0|TAMS 0x000000070c900000, 0x000000070c900000|
| 202|0x000000070ca00000, 0x000000070ca00000, 0x000000070cb00000|  0%| F|  |TS  0|AC  0|TAMS 0x000000070ca00000, 0x000000070ca00000|
| 203|0x000000070cb00000, 0x000000070cb00000, 0x000000070cc00000|  0%| F|  |TS  0|AC  0|TAMS 0x000000070cb00000, 0x000000070cb00000|
| 204|0x000000070cc00000, 0x000000070cc00000, 0x000000070cd00000|  0%| F|  |TS 13|AC  0|TAMS 0x000000070cc00000, 0x000000070cc00000|
| 205|0x000000070cd00000, 0x000000070cd0e9b0, 0x000000070ce00000|  5%| S|CS|TS 13|AC  0|TAMS 0x000000070cd00000, 0x000000070cd00000|
| 206|0x000000070ce00000, 0x000000070ce00000, 0x000000070cf00000|  0%| F|  |TS 13|AC  0|TAMS 0x000000070ce00000, 0x000000070ce00000|
| 207|0x000000070cf00000, 0x000000070d000000, 0x000000070d000000|100%| S|CS|TS 13|AC  0|TAMS 0x000000070cf00000, 0x000000070cf00000|
| 208|0x000000070d000000, 0x000000070d000000, 0x000000070d100000|  0%| F|  |TS 13|AC  0|TAMS 0x000000070d000000, 0x000000070d000000|
| 209|0x000000070d100000, 0x000000070d100000, 0x000000070d200000|  0%| F|  |TS 13|AC  0|TAMS 0x000000070d100000, 0x000000070d100000|
| 210|0x000000070d200000, 0x000000070d200000, 0x000000070d300000|  0%| F|  |TS 13|AC  0|TAMS 0x000000070d200000, 0x000000070d200000|
| 211|0x000000070d300000, 0x000000070d300000, 0x000000070d400000|  0%| F|  |TS 13|AC  0|TAMS 0x000000070d300000, 0x000000070d300000|
| 212|0x000000070d400000, 0x000000070d400000, 0x000000070d500000|  0%| F|  |TS 13|AC  0|TAMS 0x000000070d400000, 0x000000070d400000|
| 213|0x000000070d500000, 0x000000070d500000, 0x000000070d600000|  0%| F|  |TS 13|AC  0|TAMS 0x000000070d500000, 0x000000070d500000|
| 214|0x000000070d600000, 0x000000070d600000, 0x000000070d700000|  0%| F|  |TS 13|AC  0|TAMS 0x000000070d600000, 0x000000070d600000|
| 215|0x000000070d700000, 0x000000070d700000, 0x000000070d800000|  0%| F|  |TS 13|AC  0|TAMS 0x000000070d700000, 0x000000070d700000|
| 216|0x000000070d800000, 0x000000070d800000, 0x000000070d900000|  0%| F|  |TS 13|AC  0|TAMS 0x000000070d800000, 0x000000070d800000|
| 217|0x000000070d900000, 0x000000070d900000, 0x000000070da00000|  0%| F|  |TS 13|AC  0|TAMS 0x000000070d900000, 0x000000070d900000|
| 218|0x000000070da00000, 0x000000070da00000, 0x000000070db00000|  0%| F|  |TS 13|AC  0|TAMS 0x000000070da00000, 0x000000070da00000|
| 219|0x000000070db00000, 0x000000070db00000, 0x000000070dc00000|  0%| F|  |TS 13|AC  0|TAMS 0x000000070db00000, 0x000000070db00000|
| 220|0x000000070dc00000, 0x000000070dc00000, 0x000000070dd00000|  0%| F|  |TS 13|AC  0|TAMS 0x000000070dc00000, 0x000000070dc00000|
| 221|0x000000070dd00000, 0x000000070dd1d5c8, 0x000000070de00000| 11%| E|  |TS 13|AC  0|TAMS 0x000000070dd00000, 0x000000070dd00000|
| 222|0x000000070de00000, 0x000000070df00000, 0x000000070df00000|100%| E|CS|TS 13|AC  0|TAMS 0x000000070de00000, 0x000000070de00000|
| 223|0x000000070df00000, 0x000000070e000000, 0x000000070e000000|100%| E|CS|TS 13|AC  0|TAMS 0x000000070df00000, 0x000000070df00000|
| 224|0x000000070e000000, 0x000000070e100000, 0x000000070e100000|100%| E|CS|TS 13|AC  0|TAMS 0x000000070e000000, 0x000000070e000000|
| 225|0x000000070e100000, 0x000000070e200000, 0x000000070e200000|100%| E|CS|TS 13|AC  0|TAMS 0x000000070e100000, 0x000000070e100000|
| 226|0x000000070e200000, 0x000000070e300000, 0x000000070e300000|100%| E|CS|TS 13|AC  0|TAMS 0x000000070e200000, 0x000000070e200000|
| 227|0x000000070e300000, 0x000000070e400000, 0x000000070e400000|100%| E|CS|TS 13|AC  0|TAMS 0x000000070e300000, 0x000000070e300000|
| 228|0x000000070e400000, 0x000000070e500000, 0x000000070e500000|100%| E|CS|TS 13|AC  0|TAMS 0x000000070e400000, 0x000000070e400000|
| 229|0x000000070e500000, 0x000000070e600000, 0x000000070e600000|100%| E|CS|TS 13|AC  0|TAMS 0x000000070e500000, 0x000000070e500000|
| 230|0x000000070e600000, 0x000000070e700000, 0x000000070e700000|100%| E|CS|TS 13|AC  0|TAMS 0x000000070e600000, 0x000000070e600000|
| 231|0x000000070e700000, 0x000000070e800000, 0x000000070e800000|100%| E|CS|TS 13|AC  0|TAMS 0x000000070e700000, 0x000000070e700000|
| 232|0x000000070e800000, 0x000000070e900000, 0x000000070e900000|100%| E|CS|TS 13|AC  0|TAMS 0x000000070e800000, 0x000000070e800000|
| 233|0x000000070e900000, 0x000000070ea00000, 0x000000070ea00000|100%| E|CS|TS 13|AC  0|TAMS 0x000000070e900000, 0x000000070e900000|
| 234|0x000000070ea00000, 0x000000070eb00000, 0x000000070eb00000|100%| E|CS|TS 13|AC  0|TAMS 0x000000070ea00000, 0x000000070ea00000|
| 235|0x000000070eb00000, 0x000000070ec00000, 0x000000070ec00000|100%| E|CS|TS 13|AC  0|TAMS 0x000000070eb00000, 0x000000070eb00000|
| 236|0x000000070ec00000, 0x000000070ed00000, 0x000000070ed00000|100%| E|CS|TS 13|AC  0|TAMS 0x000000070ec00000, 0x000000070ec00000|
| 237|0x000000070ed00000, 0x000000070ee00000, 0x000000070ee00000|100%| E|CS|TS 13|AC  0|TAMS 0x000000070ed00000, 0x000000070ed00000|
| 238|0x000000070ee00000, 0x000000070ef00000, 0x000000070ef00000|100%| E|CS|TS 13|AC  0|TAMS 0x000000070ee00000, 0x000000070ee00000|
| 239|0x000000070ef00000, 0x000000070f000000, 0x000000070f000000|100%| E|CS|TS 13|AC  0|TAMS 0x000000070ef00000, 0x000000070ef00000|
| 240|0x000000070f000000, 0x000000070f100000, 0x000000070f100000|100%| E|CS|TS 13|AC  0|TAMS 0x000000070f000000, 0x000000070f000000|
| 241|0x000000070f100000, 0x000000070f200000, 0x000000070f200000|100%| E|CS|TS 13|AC  0|TAMS 0x000000070f100000, 0x000000070f100000|
| 242|0x000000070f200000, 0x000000070f300000, 0x000000070f300000|100%| E|CS|TS 13|AC  0|TAMS 0x000000070f200000, 0x000000070f200000|
| 243|0x000000070f300000, 0x000000070f400000, 0x000000070f400000|100%| E|CS|TS 13|AC  0|TAMS 0x000000070f300000, 0x000000070f300000|
| 244|0x000000070f400000, 0x000000070f500000, 0x000000070f500000|100%| E|CS|TS 13|AC  0|TAMS 0x000000070f400000, 0x000000070f400000|
| 245|0x000000070f500000, 0x000000070f600000, 0x000000070f600000|100%| E|CS|TS 13|AC  0|TAMS 0x000000070f500000, 0x000000070f500000|
| 246|0x000000070f600000, 0x000000070f700000, 0x000000070f700000|100%| E|CS|TS 13|AC  0|TAMS 0x000000070f600000, 0x000000070f600000|
| 247|0x000000070f700000, 0x000000070f800000, 0x000000070f800000|100%| E|CS|TS 13|AC  0|TAMS 0x000000070f700000, 0x000000070f700000|
| 248|0x000000070f800000, 0x000000070f900000, 0x000000070f900000|100%| E|CS|TS 13|AC  0|TAMS 0x000000070f800000, 0x000000070f800000|
| 249|0x000000070f900000, 0x000000070fa00000, 0x000000070fa00000|100%| E|CS|TS 13|AC  0|TAMS 0x000000070f900000, 0x000000070f900000|
| 250|0x000000070fa00000, 0x000000070fb00000, 0x000000070fb00000|100%| E|CS|TS 13|AC  0|TAMS 0x000000070fa00000, 0x000000070fa00000|
| 251|0x000000070fb00000, 0x000000070fc00000, 0x000000070fc00000|100%| E|CS|TS 13|AC  0|TAMS 0x000000070fb00000, 0x000000070fb00000|
| 252|0x000000070fc00000, 0x000000070fd00000, 0x000000070fd00000|100%| E|CS|TS 13|AC  0|TAMS 0x000000070fc00000, 0x000000070fc00000|
| 253|0x000000070fd00000, 0x000000070fe00000, 0x000000070fe00000|100%| E|CS|TS 13|AC  0|TAMS 0x000000070fd00000, 0x000000070fd00000|
| 254|0x000000070fe00000, 0x000000070ff00000, 0x000000070ff00000|100%| E|CS|TS 13|AC  0|TAMS 0x000000070fe00000, 0x000000070fe00000|
| 255|0x000000070ff00000, 0x0000000710000000, 0x0000000710000000|100%| E|CS|TS 13|AC  0|TAMS 0x000000070ff00000, 0x000000070ff00000|
| 256|0x0000000710000000, 0x0000000710100000, 0x0000000710100000|100%| E|CS|TS 13|AC  0|TAMS 0x0000000710000000, 0x0000000710000000|
| 257|0x0000000710100000, 0x0000000710200000, 0x0000000710200000|100%| E|CS|TS 13|AC  0|TAMS 0x0000000710100000, 0x0000000710100000|
| 258|0x0000000710200000, 0x0000000710300000, 0x0000000710300000|100%| E|CS|TS 13|AC  0|TAMS 0x0000000710200000, 0x0000000710200000|
| 259|0x0000000710300000, 0x0000000710400000, 0x0000000710400000|100%| E|CS|TS 13|AC  0|TAMS 0x0000000710300000, 0x0000000710300000|
| 260|0x0000000710400000, 0x0000000710500000, 0x0000000710500000|100%| E|CS|TS 13|AC  0|TAMS 0x0000000710400000, 0x0000000710400000|
| 261|0x0000000710500000, 0x0000000710600000, 0x0000000710600000|100%| E|CS|TS 13|AC  0|TAMS 0x0000000710500000, 0x0000000710500000|
| 262|0x0000000710600000, 0x0000000710700000, 0x0000000710700000|100%| E|CS|TS 13|AC  0|TAMS 0x0000000710600000, 0x0000000710600000|
| 263|0x0000000710700000, 0x0000000710800000, 0x0000000710800000|100%| E|CS|TS 13|AC  0|TAMS 0x0000000710700000, 0x0000000710700000|
| 264|0x0000000710800000, 0x0000000710900000, 0x0000000710900000|100%| E|CS|TS 13|AC  0|TAMS 0x0000000710800000, 0x0000000710800000|
| 265|0x0000000710900000, 0x0000000710a00000, 0x0000000710a00000|100%| E|CS|TS 13|AC  0|TAMS 0x0000000710900000, 0x0000000710900000|

Card table byte_map: [0x0000017e8fbf0000,0x0000017e901f0000] byte_map_base: 0x0000017e8c3f0000

Marking Bits (Prev, Next): (CMBitMap*) 0x0000017e8e795900, (CMBitMap*) 0x0000017e8e795938
 Prev Bits: [0x0000017ea8840000, 0x0000017eab840000)
 Next Bits: [0x0000017eab840000, 0x0000017eae840000)

Polling page: 0x0000017e86530000

CodeHeap 'non-profiled nmethods': size=119168Kb used=29025Kb max_used=29025Kb free=90142Kb
 bounds [0x0000017ea0de0000, 0x0000017ea2a50000, 0x0000017ea8240000]
CodeHeap 'profiled nmethods': size=119168Kb used=50933Kb max_used=56358Kb free=68235Kb
 bounds [0x0000017e99980000, 0x0000017e9d150000, 0x0000017ea0de0000]
CodeHeap 'non-nmethods': size=7424Kb used=3492Kb max_used=3545Kb free=3932Kb
 bounds [0x0000017e99240000, 0x0000017e995c0000, 0x0000017e99980000]
 total_blobs=44040 nmethods=22244 adapters=1134
 compilation: enabled

Compilation events (10 events):
Event: 6418.458 Thread 0x0000017e8e1c1000 29922       3       ui.views.V.a.bo::mouseMoved (81 bytes)
Event: 6418.458 Thread 0x0000017e8e1c3000 29924       3       ui.views.V.a.bo::getFoldingSpans (156 bytes)
Event: 6418.458 Thread 0x0000017e8e1c3800 29923       3       ui.views.V.a.bo::getFoldingSpansAt (57 bytes)
Event: 6418.459 Thread 0x0000017e8e1c3800 nmethod 29923 0x0000017e9b2b6990 code [0x0000017e9b2b6bc0, 0x0000017e9b2b7530]
Event: 6418.459 Thread 0x0000017e8e1c1000 nmethod 29922 0x0000017e9b67f290 code [0x0000017e9b67f580, 0x0000017e9b680a40]
Event: 6418.459 Thread 0x0000017e8e1c3000 nmethod 29924 0x0000017e9b684f10 code [0x0000017e9b6851c0, 0x0000017e9b6867d0]
Event: 6454.800 Thread 0x0000017e8e1c2000 29925       3       sun.awt.windows.WWindowPeer::requestWindowFocus (26 bytes)
Event: 6454.800 Thread 0x0000017e8e1c3800 29926       3       sun.awt.windows.WWindowPeer::focusAllowedFor (42 bytes)
Event: 6454.800 Thread 0x0000017e8e1c2000 nmethod 29925 0x0000017e9b022610 code [0x0000017e9b0227e0, 0x0000017e9b022ae0]
Event: 6454.800 Thread 0x0000017e8e1c3800 nmethod 29926 0x0000017e9b304710 code [0x0000017e9b304900, 0x0000017e9b305150]

GC Heap History (10 events):
Event: 6399.894 GC heap before
{Heap before GC invocations=1061 (full 299):
 garbage-first heap   total 272384K, used 171582K [0x0000000700000000, 0x0000000700100850, 0x00000007c0000000)
  region size 1024K, 60 young (61440K), 1 survivors (1024K)
 Metaspace       used 91098K, capacity 93147K, committed 101144K, reserved 1136640K
  class space    used 12478K, capacity 12916K, committed 14616K, reserved 1048576K
}
Event: 6399.895 GC heap after
{Heap after GC invocations=1062 (full 299):
 garbage-first heap   total 272384K, used 111290K [0x0000000700000000, 0x0000000700100850, 0x00000007c0000000)
  region size 1024K, 1 young (1024K), 1 survivors (1024K)
 Metaspace       used 91098K, capacity 93147K, committed 101144K, reserved 1136640K
  class space    used 12478K, capacity 12916K, committed 14616K, reserved 1048576K
}
Event: 6407.617 GC heap before
{Heap before GC invocations=1062 (full 299):
 garbage-first heap   total 272384K, used 171706K [0x0000000700000000, 0x0000000700100850, 0x00000007c0000000)
  region size 1024K, 60 young (61440K), 1 survivors (1024K)
 Metaspace       used 91098K, capacity 93147K, committed 101144K, reserved 1136640K
  class space    used 12478K, capacity 12916K, committed 14616K, reserved 1048576K
}
Event: 6407.618 GC heap after
{Heap after GC invocations=1063 (full 299):
 garbage-first heap   total 272384K, used 111393K [0x0000000700000000, 0x0000000700100850, 0x00000007c0000000)
  region size 1024K, 1 young (1024K), 1 survivors (1024K)
 Metaspace       used 91098K, capacity 93147K, committed 101144K, reserved 1136640K
  class space    used 12478K, capacity 12916K, committed 14616K, reserved 1048576K
}
Event: 6412.948 GC heap before
{Heap before GC invocations=1063 (full 299):
 garbage-first heap   total 272384K, used 171809K [0x0000000700000000, 0x0000000700100850, 0x00000007c0000000)
  region size 1024K, 60 young (61440K), 1 survivors (1024K)
 Metaspace       used 91102K, capacity 93179K, committed 101144K, reserved 1136640K
  class space    used 12478K, capacity 12948K, committed 14616K, reserved 1048576K
}
Event: 6412.950 GC heap after
{Heap after GC invocations=1064 (full 299):
 garbage-first heap   total 272384K, used 111731K [0x0000000700000000, 0x0000000700100850, 0x00000007c0000000)
  region size 1024K, 1 young (1024K), 1 survivors (1024K)
 Metaspace       used 91102K, capacity 93179K, committed 101144K, reserved 1136640K
  class space    used 12478K, capacity 12948K, committed 14616K, reserved 1048576K
}
Event: 6414.910 GC heap before
{Heap before GC invocations=1064 (full 299):
 garbage-first heap   total 272384K, used 172147K [0x0000000700000000, 0x0000000700100850, 0x00000007c0000000)
  region size 1024K, 60 young (61440K), 1 survivors (1024K)
 Metaspace       used 91102K, capacity 93179K, committed 101144K, reserved 1136640K
  class space    used 12478K, capacity 12948K, committed 14616K, reserved 1048576K
}
Event: 6414.913 GC heap after
{Heap after GC invocations=1065 (full 299):
 garbage-first heap   total 272384K, used 111776K [0x0000000700000000, 0x0000000700100850, 0x00000007c0000000)
  region size 1024K, 2 young (2048K), 2 survivors (2048K)
 Metaspace       used 91102K, capacity 93179K, committed 101144K, reserved 1136640K
  class space    used 12478K, capacity 12948K, committed 14616K, reserved 1048576K
}
Event: 6425.585 GC heap before
{Heap before GC invocations=1065 (full 299):
 garbage-first heap   total 272384K, used 171168K [0x0000000700000000, 0x0000000700100850, 0x00000007c0000000)
  region size 1024K, 60 young (61440K), 2 survivors (2048K)
 Metaspace       used 91105K, capacity 93179K, committed 101144K, reserved 1136640K
  class space    used 12478K, capacity 12948K, committed 14616K, reserved 1048576K
}
Event: 6425.592 GC heap after
{Heap after GC invocations=1066 (full 299):
 garbage-first heap   total 272384K, used 111811K [0x0000000700000000, 0x0000000700100850, 0x00000007c0000000)
  region size 1024K, 2 young (2048K), 2 survivors (2048K)
 Metaspace       used 91105K, capacity 93179K, committed 101144K, reserved 1136640K
  class space    used 12478K, capacity 12948K, committed 14616K, reserved 1048576K
}

Deoptimization events (10 events):
Event: 6225.942 Thread 0x0000017e8e1c6000 Uncommon trap: reason=speculate_class_check action=maybe_recompile pc=0x0000017ea24beccc method=java.nio.charset.CharsetDecoder.reset()Ljava/nio/charset/CharsetDecoder; @ 1 c2
Event: 6247.813 Thread 0x0000017e8e1c6000 Uncommon trap: reason=unstable_if action=reinterpret pc=0x0000017ea1adb748 method=java.lang.ThreadGroup.add(Ljava/lang/Thread;)V @ 46 c2
Event: 6250.487 Thread 0x0000017e8e1c6000 Uncommon trap: reason=unstable_if action=reinterpret pc=0x0000017ea18a6fe0 method=javax.swing.tree.VariableHeightLayoutCache$TreeStateNode.isVisible()Z @ 29 c2
Event: 6250.489 Thread 0x0000017e8e1c6000 Uncommon trap: reason=unstable_if action=reinterpret pc=0x0000017ea0f8af00 method=javax.swing.tree.VariableHeightLayoutCache$TreeStateNode.isVisible()Z @ 29 c2
Event: 6291.130 Thread 0x0000017e8e1c6000 Uncommon trap: reason=bimorphic_or_optimized_type_check action=maybe_recompile pc=0x0000017ea25d7f70 method=javax.swing.JComponent.getObscuredState(IIIII)I @ 47 c2
Event: 6291.365 Thread 0x0000017e8e1c6000 Uncommon trap: reason=bimorphic_or_optimized_type_check action=maybe_recompile pc=0x0000017ea25d7f70 method=javax.swing.JComponent.getObscuredState(IIIII)I @ 47 c2
Event: 6291.405 Thread 0x0000017e8e1c6000 Uncommon trap: reason=bimorphic_or_optimized_type_check action=maybe_recompile pc=0x0000017ea25d7f70 method=javax.swing.JComponent.getObscuredState(IIIII)I @ 47 c2
Event: 6291.446 Thread 0x0000017e8e1c6000 Uncommon trap: reason=bimorphic_or_optimized_type_check action=maybe_recompile pc=0x0000017ea25d7f70 method=javax.swing.JComponent.getObscuredState(IIIII)I @ 47 c2
Event: 6408.482 Thread 0x0000017e8e1c6000 Uncommon trap: reason=null_check action=make_not_entrant pc=0x0000017ea206e1b0 method=java.util.jar.JarFile.getManifestFromReference()Ljava/util/jar/Manifest; @ 14 c2
Event: 6408.488 Thread 0x0000017e8e1c6000 Uncommon trap: reason=unstable_if action=reinterpret pc=0x0000017ea1bcd304 method=com.jidesoft.docking.DockableFrame$2.propertyChange(Ljava/beans/PropertyChangeEvent;)V @ 55 c2

Classes redefined (0 events):
No events

Internal exceptions (10 events):
Event: 5906.743 Thread 0x0000017eb9af8000 Exception <a 'java/lang/InterruptedException'{0x0000000710400400}: sleep interrupted> (0x0000000710400400) thrown at [t:/workspace/hotspot/src/share/vm/prims/jvm.cpp, line 2984]
Event: 5918.780 Thread 0x0000017ebb380000 Exception <a 'java/lang/InterruptedException'{0x000000070fc80bd8}: sleep interrupted> (0x000000070fc80bd8) thrown at [t:/workspace/hotspot/src/share/vm/prims/jvm.cpp, line 2984]
Event: 6026.784 Thread 0x0000017eb9af8000 Exception <a 'java/lang/InterruptedException'{0x00000007107fc340}: sleep interrupted> (0x00000007107fc340) thrown at [t:/workspace/hotspot/src/share/vm/prims/jvm.cpp, line 2984]
Event: 6034.792 Thread 0x0000017eb9af8000 Exception <a 'java/lang/InterruptedException'{0x0000000710000dd0}: sleep interrupted> (0x0000000710000dd0) thrown at [t:/workspace/hotspot/src/share/vm/prims/jvm.cpp, line 2984]
Event: 6124.862 Thread 0x0000017eb9afc000 Exception <a 'java/lang/InterruptedException'{0x000000071040e6a0}: sleep interrupted> (0x000000071040e6a0) thrown at [t:/workspace/hotspot/src/share/vm/prims/jvm.cpp, line 2984]
Event: 6168.872 Thread 0x0000017ebb380000 Exception <a 'java/lang/InterruptedException'{0x000000070f181380}: sleep interrupted> (0x000000070f181380) thrown at [t:/workspace/hotspot/src/share/vm/prims/jvm.cpp, line 2984]
Event: 6225.933 Thread 0x0000017e8e1c6000 Implicit null exception at 0x0000017ea154a7ef to 0x0000017ea154aac9
Event: 6315.074 Thread 0x0000017eb9af8000 Exception <a 'java/lang/InterruptedException'{0x000000070e0ce0a8}: sleep interrupted> (0x000000070e0ce0a8) thrown at [t:/workspace/hotspot/src/share/vm/prims/jvm.cpp, line 3023]
Event: 6315.075 Thread 0x0000017ebb37f800 Exception <a 'java/lang/InterruptedException'{0x000000070e0ec410}: sleep interrupted> (0x000000070e0ec410) thrown at [t:/workspace/hotspot/src/share/vm/prims/jvm.cpp, line 3023]
Event: 6408.482 Thread 0x0000017e8e1c6000 Implicit null exception at 0x0000017ea206c0c7 to 0x0000017ea206e1a1

Events (10 events):
Event: 6455.891 Executing VM operation: RevokeBias
Event: 6455.891 Executing VM operation: RevokeBias done
Event: 6455.913 Thread 0x0000017eb52c9800 Thread added: 0x0000017eb52c9800
Event: 6455.916 Thread 0x0000017eb52c9800 Thread exited: 0x0000017eb52c9800
Event: 6456.906 Thread 0x0000017eb52cc800 Thread added: 0x0000017eb52cc800
Event: 6456.910 Thread 0x0000017eb52cc800 Thread exited: 0x0000017eb52cc800
Event: 6456.984 Thread 0x0000017eb52c9800 Thread added: 0x0000017eb52c9800
Event: 6456.984 Thread 0x0000017eb52c6800 Thread exited: 0x0000017eb52c6800
Event: 6456.984 Executing VM operation: BulkRevokeBias
Event: 6456.992 Executing VM operation: BulkRevokeBias done


Dynamic libraries:
0x00007ff7ee310000 - 0x00007ff7ee340000 	C:\Xilinx\Vivado\2019.1\bin\unwrapped\win64.o\vivado.exe
0x00007ffa7eb10000 - 0x00007ffa7ed07000 	C:\windows\SYSTEM32\ntdll.dll
0x00007ffa7e8a0000 - 0x00007ffa7e95d000 	C:\windows\System32\KERNEL32.DLL
0x00007ffa7c490000 - 0x00007ffa7c786000 	C:\windows\System32\KERNELBASE.dll
0x00007ffa7c1f0000 - 0x00007ffa7c2f0000 	C:\windows\System32\ucrtbase.dll
0x00007ffa4c4b0000 - 0x00007ffa4c53e000 	C:\windows\SYSTEM32\MSVCP140.dll
0x00007ffa7d7f0000 - 0x00007ffa7d91b000 	C:\windows\System32\ole32.dll
0x00007ffa6eae0000 - 0x00007ffa6eaf4000 	C:\Xilinx\Vivado\2019.1\lib\win64.o\libboost_signals.dll
0x00007ffa5ffb0000 - 0x00007ffa5ffc4000 	C:\Xilinx\Vivado\2019.1\lib\win64.o\librdi_commonmain.dll
0x00007ffa7e2e0000 - 0x00007ffa7e406000 	C:\windows\System32\RPCRT4.dll
0x00007ffa70cf0000 - 0x00007ffa70d0b000 	C:\windows\SYSTEM32\VCRUNTIME140.dll
0x00007ffa5da70000 - 0x00007ffa5da7c000 	C:\windows\SYSTEM32\VCRUNTIME140_1.dll
0x00007ffa7cc20000 - 0x00007ffa7cf74000 	C:\windows\System32\combase.dll
0x00007ff9f5c90000 - 0x00007ff9f6b72000 	C:\Xilinx\Vivado\2019.1\lib\win64.o\librdi_common.dll
0x00007ffa7e9c0000 - 0x00007ffa7e9ec000 	C:\windows\System32\GDI32.dll
0x00007ffa7e140000 - 0x00007ffa7e2de000 	C:\windows\System32\USER32.dll
0x00007ffa7c3d0000 - 0x00007ffa7c3f2000 	C:\windows\System32\win32u.dll
0x00007ffa51160000 - 0x00007ffa51186000 	C:\Xilinx\Vivado\2019.1\lib\win64.o\libboost_filesystem.dll
0x00007ffa7c790000 - 0x00007ffa7c8aa000 	C:\windows\System32\gdi32full.dll
0x00007ffa7cb70000 - 0x00007ffa7cc1e000 	C:\windows\System32\ADVAPI32.dll
0x00007ffa70330000 - 0x00007ffa7033a000 	C:\Xilinx\Vivado\2019.1\lib\win64.o\librdi_commonversion.dll
0x00007ffa7ca10000 - 0x00007ffa7caad000 	C:\windows\System32\msvcp_win.dll
0x00007ffa7e040000 - 0x00007ffa7e0de000 	C:\windows\System32\msvcrt.dll
0x00007ffa7e800000 - 0x00007ffa7e89c000 	C:\windows\System32\sechost.dll
0x00007ffa7cf80000 - 0x00007ffa7d6c4000 	C:\windows\System32\SHELL32.dll
0x00007ffa36520000 - 0x00007ffa36641000 	C:\Xilinx\Vivado\2019.1\lib\win64.o\librdi_commonxillic.dll
0x0000000056c30000 - 0x0000000056d5b000 	C:\Xilinx\Vivado\2019.1\lib\win64.o\tcl85t.dll
0x00007ffa7e410000 - 0x00007ffa7e47b000 	C:\windows\System32\WS2_32.dll
0x00007ffa32c50000 - 0x00007ffa32fbe000 	C:\Xilinx\Vivado\2019.1\lib\win64.o\libCOIN-all.dll
0x00007ffa4b7e0000 - 0x00007ffa4b7f4000 	C:\Xilinx\Vivado\2019.1\lib\win64.o\libboost_date_time.dll
0x00007ffa36400000 - 0x00007ffa36514000 	C:\Xilinx\Vivado\2019.1\lib\win64.o\libboost_regex.dll
0x00007ffa3d7a0000 - 0x00007ffa3d81f000 	C:\Xilinx\Vivado\2019.1\lib\win64.o\libboost_program_options.dll
0x00007ffa5f950000 - 0x00007ffa5f95b000 	C:\Xilinx\Vivado\2019.1\lib\win64.o\libboost_system.dll
0x00007ffa3f0a0000 - 0x00007ffa3f0c1000 	C:\Xilinx\Vivado\2019.1\lib\win64.o\libboost_thread.dll
0x00007ffa5d1f0000 - 0x00007ffa5d1ff000 	C:\Xilinx\Vivado\2019.1\lib\win64.o\libboost_xilinx.dll
0x00007ffa362c0000 - 0x00007ffa36365000 	C:\Xilinx\Vivado\2019.1\lib\win64.o\libhdxml.dll
0x00007ffa36370000 - 0x00007ffa363f2000 	C:\Xilinx\Vivado\2019.1\lib\win64.o\libhdlpsolve.dll
0x00007ffa3eb00000 - 0x00007ffa3eb2e000 	C:\Xilinx\Vivado\2019.1\lib\win64.o\libisl_sysinfo.dll
0x00007ffa36250000 - 0x00007ffa362b5000 	C:\Xilinx\Vivado\2019.1\lib\win64.o\liblmx6.0.dll
0x00007ffa3f010000 - 0x00007ffa3f02a000 	C:\Xilinx\Vivado\2019.1\lib\win64.o\pthreadVC2.dll
0x00007ff9f4890000 - 0x00007ff9f543f400 	C:\Xilinx\Vivado\2019.1\lib\win64.o\libisl_iostreams.dll
0x00007ffa3e4f0000 - 0x00007ffa3e50c000 	C:\Xilinx\Vivado\2019.1\lib\win64.o\librdiconfig.dll
0x00007ffa3da10000 - 0x00007ffa3da31000 	C:\Xilinx\Vivado\2019.1\lib\win64.o\librdizlib.dll
0x00007ffa62c90000 - 0x00007ffa62ca9000 	C:\windows\SYSTEM32\NETAPI32.dll
0x0000000012000000 - 0x0000000012270000 	C:\Xilinx\Vivado\2019.1\lib\win64.o\xerces-c_3_1.dll
0x00007ffa73a70000 - 0x00007ffa73c5d000 	C:\windows\SYSTEM32\urlmon.dll
0x00007ffa78ab0000 - 0x00007ffa78bba000 	C:\windows\SYSTEM32\WINHTTP.dll
0x00007ffa58100000 - 0x00007ffa585d6000 	C:\windows\SYSTEM32\WININET.dll
0x00007ffa3fb80000 - 0x00007ffa3fb89000 	C:\windows\SYSTEM32\WSOCK32.dll
0x00007ffa3d8f0000 - 0x00007ffa3d921000 	C:\windows\SYSTEM32\VCOMP140.DLL
0x00007ff9f31b0000 - 0x00007ff9f4041000 	C:\Xilinx\Vivado\2019.1\lib\win64.o\gurobi65.dll
0x00007ffa5cf60000 - 0x00007ffa5cf6d000 	C:\Xilinx\Vivado\2019.1\lib\win64.o\libboost_chrono.dll
0x00007ffa318c0000 - 0x00007ffa31b98000 	C:\Xilinx\Vivado\2019.1\lib\win64.o\libXil_lmgr11.dll
0x00007ffa3d9f0000 - 0x00007ffa3da0b000 	C:\Xilinx\Vivado\2019.1\lib\win64.o\libboost_iostreams.dll
0x00007ffa3d720000 - 0x00007ffa3d745000 	C:\Xilinx\Vivado\2019.1\lib\win64.o\libisl_iosutils.dll
0x00007ffa7e490000 - 0x00007ffa7e56a000 	C:\windows\System32\COMDLG32.dll
0x00007ffa7ae90000 - 0x00007ffa7aeb9000 	C:\windows\SYSTEM32\srvcli.dll
0x00007ffa70030000 - 0x00007ffa702ec000 	C:\windows\SYSTEM32\iertutil.dll
0x00007ffa7ea20000 - 0x00007ffa7eacd000 	C:\windows\System32\shcore.dll
0x00007ffa7b740000 - 0x00007ffa7b74c000 	C:\windows\SYSTEM32\netutils.dll
0x00007ffa7e960000 - 0x00007ffa7e9b5000 	C:\windows\System32\SHLWAPI.dll
0x00007ffa7e730000 - 0x00007ffa7e7fd000 	C:\windows\System32\OLEAUT32.dll
0x00007ffa7cab0000 - 0x00007ffa7cb17000 	C:\windows\System32\WINTRUST.dll
0x00007ffa5b820000 - 0x00007ffa5b8d0000 	C:\windows\WinSxS\amd64_microsoft.windows.common-controls_6595b64144ccf1df_5.82.19041.3570_none_793094a72440f60b\COMCTL32.dll
0x00007ffa7c8b0000 - 0x00007ffa7ca0d000 	C:\windows\System32\CRYPT32.dll
0x00007ffa77460000 - 0x00007ffa7747d000 	C:\windows\SYSTEM32\dhcpcsvc.DLL
0x00007ffa7e9f0000 - 0x00007ffa7ea20000 	C:\windows\System32\IMM32.DLL
0x00007ffa7bdc0000 - 0x00007ffa7bdd2000 	C:\windows\SYSTEM32\MSASN1.dll
0x0000017e86510000 - 0x0000017e86524000 	C:\windows\System32\umppc17312.dll
0x00007ffa7a940000 - 0x00007ffa7a952000 	C:\windows\SYSTEM32\kernel.appcore.dll
0x00007ff9f4370000 - 0x00007ff9f4887000 	C:\Xilinx\Vivado\2019.1\lib\win64.o\librdi_commontasks.dll
0x0000000056200000 - 0x0000000056c25000 	C:\Xilinx\Vivado\2019.1\tps\win64\jre9.0.4\bin\server\jvm.dll
0x00007ffa7e720000 - 0x00007ffa7e728000 	C:\windows\System32\PSAPI.DLL
0x00007ffa0ab70000 - 0x00007ffa0adf6000 	C:\Xilinx\Vivado\2019.1\lib\win64.o\librdi_sio.dll
0x00007ffa78990000 - 0x00007ffa7899a000 	C:\windows\SYSTEM32\VERSION.dll
0x00007ffa6f4f0000 - 0x00007ffa6f517000 	C:\windows\SYSTEM32\WINMM.dll
0x00007ffa32b60000 - 0x00007ffa32c4f000 	C:\windows\SYSTEM32\MSVCR120.dll
0x00007ffa7b630000 - 0x00007ffa7b66b000 	C:\windows\SYSTEM32\IPHLPAPI.DLL
0x00007ffa7b990000 - 0x00007ffa7b9fa000 	C:\windows\SYSTEM32\MSWSOCK.DLL
0x00007ffa7a090000 - 0x00007ffa7a82b000 	C:\windows\SYSTEM32\windows.storage.dll
0x00007ffa7bc30000 - 0x00007ffa7bc5d000 	C:\windows\SYSTEM32\Wldp.dll
0x00007ff9efff0000 - 0x00007ff9f24ac000 	C:\Xilinx\Vivado\2019.1\lib\win64.o\librdi_tcltasks.dll
0x00007ff9f2da0000 - 0x00007ff9f31a8000 	C:\Xilinx\Vivado\2019.1\lib\win64.o\librdi_bitstream.dll
0x00007ffa2d720000 - 0x00007ffa2d8b1000 	C:\Xilinx\Vivado\2019.1\lib\win64.o\librdi_board.dll
0x00007ffa31840000 - 0x00007ffa318b8000 	C:\Xilinx\Vivado\2019.1\lib\win64.o\librdi_boarddep.dll
0x00007ffa2f9c0000 - 0x00007ffa2faab000 	C:\Xilinx\Vivado\2019.1\lib\win64.o\librdi_chipscope.dll
0x00007ffa2d2f0000 - 0x00007ffa2d4ad000 	C:\Xilinx\Vivado\2019.1\lib\win64.o\librdi_chipscopeimpl.dll
0x00007ff9ee600000 - 0x00007ff9effea000 	C:\Xilinx\Vivado\2019.1\lib\win64.o\librdi_constraints.dll
0x00007ffa0aa10000 - 0x00007ffa0ab66000 	C:\Xilinx\Vivado\2019.1\lib\win64.o\librdi_containers.dll
0x00007ff9ec740000 - 0x00007ff9ee5f1000 	C:\Xilinx\Vivado\2019.1\lib\win64.o\librdi_coregen.dll
0x00007ff9ec060000 - 0x00007ff9ec73a000 	C:\Xilinx\Vivado\2019.1\lib\win64.o\librdi_coregenipxact.dll
0x00007ff9e8010000 - 0x00007ff9ec053000 	C:\Xilinx\Vivado\2019.1\lib\win64.o\librdi_designutils.dll
0x00007ff9d5be0000 - 0x00007ff9e800c000 	C:\Xilinx\Vivado\2019.1\lib\win64.o\librdi_device.dll
0x00007ff9f2a80000 - 0x00007ff9f2d9e000 	C:\Xilinx\Vivado\2019.1\lib\win64.o\librdi_dlyest.dll
0x00007ff9d5640000 - 0x00007ff9d5bda000 	C:\Xilinx\Vivado\2019.1\lib\win64.o\librdi_drc.dll
0x00007ffa0a940000 - 0x00007ffa0aa04000 	C:\Xilinx\Vivado\2019.1\lib\win64.o\librdi_dsp.dll
0x00007ff9d4ff0000 - 0x00007ff9d563d000 	C:\Xilinx\Vivado\2019.1\lib\win64.o\librdi_filemgmt.dll
0x00007ff9d4d00000 - 0x00007ff9d4fe3000 	C:\Xilinx\Vivado\2019.1\lib\win64.o\librdi_guitools.dll
0x00007ffa361e0000 - 0x00007ffa36245000 	C:\Xilinx\Vivado\2019.1\lib\win64.o\librdi_hdf.dll
0x00007ff9d3740000 - 0x00007ff9d4d00000 	C:\Xilinx\Vivado\2019.1\lib\win64.o\librdi_implflow.dll
0x00007ff9d3120000 - 0x00007ff9d3735000 	C:\Xilinx\Vivado\2019.1\lib\win64.o\librdi_memdata.dll
0x00007ffa2d6a0000 - 0x00007ffa2d713000 	C:\Xilinx\Vivado\2019.1\lib\win64.o\librdi_memoryarray.dll
0x00007ff9d0430000 - 0x00007ff9d3116000 	C:\Xilinx\Vivado\2019.1\lib\win64.o\librdi_mig.dll
0x00007ff9cfd80000 - 0x00007ff9d0422000 	C:\Xilinx\Vivado\2019.1\lib\win64.o\librdi_netlist.dll
0x00007ffa357b0000 - 0x00007ffa357fb000 	C:\Xilinx\Vivado\2019.1\lib\win64.o\librdi_pfi.dll
0x00007ff9cd700000 - 0x00007ff9cfd76000 	C:\Xilinx\Vivado\2019.1\lib\win64.o\librdi_place.dll
0x00007ff9cd3f0000 - 0x00007ff9cd6ff000 	C:\Xilinx\Vivado\2019.1\lib\win64.o\librdi_platform.dll
0x00007ff9ccca0000 - 0x00007ff9cd3ea000 	C:\Xilinx\Vivado\2019.1\lib\win64.o\librdi_power.dll
0x00007ff9cc720000 - 0x00007ff9ccc9f000 	C:\Xilinx\Vivado\2019.1\lib\win64.o\librdi_project.dll
0x00007ff9cc010000 - 0x00007ff9cc719000 	C:\Xilinx\Vivado\2019.1\lib\win64.o\librdi_psta.dll
0x00007ff9cb900000 - 0x00007ff9cc006000 	C:\Xilinx\Vivado\2019.1\lib\win64.o\librdi_rsb.dll
0x00007ff9cb500000 - 0x00007ff9cb8f1000 	C:\Xilinx\Vivado\2019.1\lib\win64.o\librdi_runs.dll
0x00007ff9f5b90000 - 0x00007ff9f5c8a000 	C:\Xilinx\Vivado\2019.1\lib\win64.o\librdi_runsbase.dll
0x00007ff9cb2a0000 - 0x00007ff9cb4f6000 	C:\Xilinx\Vivado\2019.1\lib\win64.o\librdi_simdata.dll
0x00007ff9ca480000 - 0x00007ff9cb291000 	C:\Xilinx\Vivado\2019.1\lib\win64.o\librdi_timing.dll
0x00007ff9f41f0000 - 0x00007ff9f4362000 	C:\Xilinx\Vivado\2019.1\lib\win64.o\librdi_advchipscopeimpl.dll
0x00007ffa32b10000 - 0x00007ffa32b5c000 	C:\Xilinx\Vivado\2019.1\lib\win64.o\libboost_serialization.dll
0x00007ff9ca2e0000 - 0x00007ff9ca47f000 	C:\Xilinx\Vivado\2019.1\lib\win64.o\librdi_hip_devdesign.dll
0x00007ff9ca210000 - 0x00007ff9ca2d2000 	C:\Xilinx\Vivado\2019.1\lib\win64.o\librdi_ipconfig_readwrite.dll
0x00007ffa2d2a0000 - 0x00007ffa2d2e3000 	C:\Xilinx\Vivado\2019.1\lib\win64.o\librdi_noc_frameworks.dll
0x00007ff9c96c0000 - 0x00007ff9ca207000 	C:\Xilinx\Vivado\2019.1\lib\win64.o\libverific.dll
0x00007ff9c92d0000 - 0x00007ff9c96b5000 	C:\Xilinx\Vivado\2019.1\lib\win64.o\librdi_hip_config.dll
0x00007ff9c8d80000 - 0x00007ff9c92ce000 	C:\Xilinx\Vivado\2019.1\lib\win64.o\librdi_xdm.dll
0x00007ff9f5af0000 - 0x00007ff9f5b8e000 	C:\Xilinx\Vivado\2019.1\lib\win64.o\libise.dll
0x00007ff9c8780000 - 0x00007ff9c8d7c000 	C:\Xilinx\Vivado\2019.1\lib\win64.o\librdi_wavedata.dll
0x00007ffa31800000 - 0x00007ffa31840000 	C:\Xilinx\Vivado\2019.1\lib\win64.o\librdi_wavedata_SimpleApi.dll
0x00007ff9c75f0000 - 0x00007ff9c877d000 	C:\Xilinx\Vivado\2019.1\lib\win64.o\librdi_route.dll
0x00007ffa2d260000 - 0x00007ffa2d29f000 	C:\Xilinx\Vivado\2019.1\lib\win64.o\librdi_schedmon.dll

VM Arguments:
jvm_args: -Dsun.java2d.pmoffscreen=false -Dsun.java2d.xrender=false -Dsun.java2d.d3d=false -Dsun.awt.nopixfmt=true -Dsun.java2d.dpiaware=true -Dsun.java2d.uiScale.enabled=false -Xverify:none -Dswing.aatext=true -XX:-UsePerfData -Djdk.map.althashing.threshold=512 -XX:StringTableSize=4072 --add-opens=java.base/java.nio=ALL-UNNAMED --add-opens=java.desktop/sun.swing=ALL-UNNAMED --add-opens=java.desktop/javax.swing=ALL-UNNAMED --add-opens=java.desktop/javax.swing.tree=ALL-UNNAMED --add-opens=java.desktop/javax.swing.plaf.basic=ALL-UNNAMED --add-opens=java.desktop/javax.swing.plaf.synth=ALL-UNNAMED --add-opens=java.desktop/com.sun.awt=ALL-UNNAMED -XX:NewSize=60m -XX:MaxNewSize=60m -Xms128m -Xmx3072m -Xss5m 
java_command: <unknown>
java_class_path (initial): C:/Xilinx/Vivado/2019.1\lib\classes\alloy.jar;C:/Xilinx/Vivado/2019.1\lib\classes\autopilot.scelaborator.jar;C:/Xilinx/Vivado/2019.1\lib\classes\autopilot.sourceprocessor.jar;C:/Xilinx/Vivado/2019.1\lib\classes\autopilot.tbprocessor.jar;C:/Xilinx/Vivado/2019.1\lib\classes\batik-anim.jar;C:/Xilinx/Vivado/2019.1\lib\classes\batik-awt-util.jar;C:/Xilinx/Vivado/2019.1\lib\classes\batik-bridge.jar;C:/Xilinx/Vivado/2019.1\lib\classes\batik-codec.jar;C:/Xilinx/Vivado/2019.1\lib\classes\batik-css.jar;C:/Xilinx/Vivado/2019.1\lib\classes\batik-dom.jar;C:/Xilinx/Vivado/2019.1\lib\classes\batik-ext.jar;C:/Xilinx/Vivado/2019.1\lib\classes\batik-gui-util.jar;C:/Xilinx/Vivado/2019.1\lib\classes\batik-gvt.jar;C:/Xilinx/Vivado/2019.1\lib\classes\batik-parser.jar;C:/Xilinx/Vivado/2019.1\lib\classes\batik-script.jar;C:/Xilinx/Vivado/2019.1\lib\classes\batik-svg-dom.jar;C:/Xilinx/Vivado/2019.1\lib\classes\batik-swing.jar;C:/Xilinx/Vivado/2019.1\lib\classes\batik-transcoder.jar;C:/Xilinx/Vivado/2019.1\lib\classes\batik-util.jar;C:/Xilinx/Vivado/2019.1\lib\classes\batik-xml.jar;C:/Xilinx/Vivado/2019.1\lib\classes\com.google.gson_2.7.0.v20170129-0911.jar;C:/Xilinx/Vivado/2019.1\lib\classes\com.google.guava_21.0.0.v20170206-1425.jar;C:/Xilinx/Vivado/2019.1\lib\classes\com.google.inject_3.0.0.v201605172100.jar;C:/Xilinx/Vivado/2019.1\lib\classes\com.ibm.icu_4.4.2.v20110208.jar;C:/Xilinx/Vivado/2019.1\lib\classes\com.sigasi.hdt.annotations.runtime_4.3.0.201903071210.jar;C:/Xilinx/Vivado/2019.1\lib\classes\com.sigasi.hdt.blockdiagram.model_4.3.0.201903071210.jar;C:/Xilinx/Vivado/2019.1\lib\classes\com.sigasi.hdt.connection_4.3.0.201903071210.jar;C:/Xilinx/Vivado/2019.1\lib\classes\com.sigasi.hdt.dependencies.model_4.3.0.201903071210.jar;C:/Xilinx/Vivado/2019.1\lib\classes\com.sigasi.hdt.epl_4.3.0.201903071210.jar;C:/Xilinx/Vivado/2019.1\lib\classes\com.sigasi.hdt.graphics.model_4.3.0.201903071210.jar;C:/Xilinx/Vivado/2019.1\lib\classes\com.sigasi.hdt.project_4.3.0
Launcher Type: generic

Logging:
Log output configuration:
#0: stdout all=warning uptime,level,tags
#1: stderr all=off uptime,level,tags

Environment Variables:
PATH=C:/Xilinx/Vivado/2019.1/bin;C:/Xilinx/Vivado/2019.1/lib/win64.o;C:/Xilinx/Vivado/2019.1/tps/win64/jre9.0.4/bin/server;C:/Xilinx/Vivado/2019.1/tps/win64/jre9.0.4/bin;C:/Xilinx/SDK/2019.1/bin;C:/Xilinx/Vivado/2019.1/ids_lite/ISE/bin/nt64;C:/Xilinx/Vivado/2019.1/ids_lite/ISE/lib/nt64;C:\Program Files (x86)\VMware\VMware Workstation\bin\;C:\Program Files\Common Files\Oracle\Java\javapath;C:\Program Files (x86)\Common Files\Oracle\Java\javapath;C:\Windows\system32;C:\Windows;C:\Windows\System32\Wbem;C:\Windows\System32\WindowsPowerShell\v1.0\;C:\Windows\System32\OpenSSH\;C:\Program Files (x86)\Pico Technology\PicoScope6\;C:\Program Files\dotnet\;C:\Program Files\Git\cmd;C:\Program Files (x86)\GitExtensions\;C:\Program Files\Microsoft VS Code\bin;C:\Program Files (x86)\Windows Kits\8.1\Windows Performance Toolkit\;C:\Program Files\MATLAB\R2022b\runtime\win64;C:\Program Files\MATLAB\R2022b\bin;C:\Users\dxu0117\AppData\Local\Microsoft\WindowsApps;;C:/Xilinx/Vivado/2019.1\tps\mingw\6.2.0\win64.o\nt\bin;C:/Xilinx/Vivado/2019.1\tps\mingw\6.2.0\win64.o\nt\libexec\gcc\x86_64-w64-mingw32\6.2.0;C:/Xilinx/Vivado/2019.1\tps\win64\python-2.7.5;C:/Xilinx/Vivado/2019.1\tps\win64\python-2.7.5\lib;C:/Xilinx/Vivado/2019.1\tps\win64\python-2.7.5\Lib\lib-tk;C:/Xilinx/Vivado/2019.1\tps\win64\python-2.7.5\lib\site-packages
USERNAME=dxu0117
OS=Windows_NT
PROCESSOR_IDENTIFIER=Intel64 Family 6 Model 151 Stepping 2, GenuineIntel



---------------  S Y S T E M  ---------------

OS: Windows 10 , 64 bit Build 19041 (10.0.19041.3570)

CPU:total 20 (initial active 20) (10 cores per cpu, 2 threads per core) family 6 model 151 stepping 2, cmov, cx8, fxsr, mmx, sse, sse2, sse3, ssse3, sse4.1, sse4.2, popcnt, avx, avx2, aes, clmul, erms, 3dnowpref, lzcnt, ht, tsc, tscinvbit, bmi1, bmi2, adx, sha, fma

Memory: 4k page, physical 16458476k(6060648k free), swap 18948844k(5776764k free)

vm_info: Java HotSpot(TM) 64-Bit Server VM (9.0.4+11) for windows-amd64 JRE (9.0.4+11), built on Dec 20 2017 02:18:54 by "mach5one" with MS VC++ 12.0 (VS2013)

END.
