Vivado Simulator v2023.1
Copyright 1986-2022 Xilinx, Inc. All Rights Reserved.
Copyright 2022-2023 Advanced Micro Devices, Inc. All Rights Reserved.
Running: C:/Xilinx/Vivado/2023.1/bin/unwrapped/win64.o/xelab.exe --incr --debug typical --relax --mt 2 -L xil_defaultlib -L unisims_ver -L unimacro_ver -L secureip --snapshot ALU_testbench_behav xil_defaultlib.ALU_testbench xil_defaultlib.glbl -log elaborate.log 
Using 2 slave threads.
Starting static elaboration
Pass Through NonSizing Optimizer
WARNING: [VRFC 10-3091] actual bit length 32 differs from formal bit length 1 for port 'mode' [C:/Users/derek/Documents/CSWork/ec311/lab_1/lab_1.srcs/sources_1/new/ALU.v:36]
Completed static elaboration
Starting simulation data flow analysis
Completed simulation data flow analysis
Time Resolution for simulation is 1ps
Compiling module xil_defaultlib.subtractor
Compiling module xil_defaultlib.half_adder
Compiling module xil_defaultlib.full_adder
Compiling module xil_defaultlib.ripple_adder
Compiling module xil_defaultlib.ALU
Compiling module xil_defaultlib.ALU_testbench
Compiling module xil_defaultlib.glbl
Built simulation snapshot ALU_testbench_behav
