Vivado Simulator 2019.1
Copyright 1986-1999, 2001-2019 Xilinx, Inc. All Rights Reserved.
Running: C:/Xilinx/Vivado/2019.1/bin/unwrapped/win64.o/xelab.exe -wto e867824848754dd083c65f66be1595a7 --incr --debug typical --relax --mt 2 --maxdelay -L xil_defaultlib -L simprims_ver -L secureip --snapshot ripple_adder_testbench_time_synth -transport_int_delays -pulse_r 0 -pulse_int_r 0 -pulse_e 0 -pulse_int_e 0 xil_defaultlib.ripple_adder_testbench xil_defaultlib.glbl -log elaborate.log 
Using 2 slave threads.
Starting static elaboration
Completed static elaboration
Starting simulation data flow analysis
Completed simulation data flow analysis
INFO: [XSIM 43-3451] SDF backannotation process started with SDF file "ripple_adder_testbench_time_synth.sdf", for root module "ripple_adder_testbench/ripple1_1".
INFO: [XSIM 43-3452] SDF backannotation was successful for SDF file "ripple_adder_testbench_time_synth.sdf", for root module "ripple_adder_testbench/ripple1_1".
Time Resolution for simulation is 1ps
Compiling module simprims_ver.IBUF
Compiling module simprims_ver.OBUF
Compiling module simprims_ver.x_lut3_mux8
Compiling module simprims_ver.LUT3
Compiling module simprims_ver.LUT5
Compiling module xil_defaultlib.ripple_adder
Compiling module xil_defaultlib.ripple_adder_testbench
Compiling module xil_defaultlib.glbl
Built simulation snapshot ripple_adder_testbench_time_synth
